[0511/040846:ERROR:proxy_service_factory.cc(130)] Cannot use V8 Proxy resolver in single process mode.
[0511/041135:ERROR:proxy_service_factory.cc(130)] Cannot use V8 Proxy resolver in single process mode.
[0511/043706:ERROR:proxy_service_factory.cc(130)] Cannot use V8 Proxy resolver in single process mode.
[0511/043750:ERROR:proxy_service_factory.cc(130)] Cannot use V8 Proxy resolver in single process mode.
[0511/043808:WARNING:mediasession.cc(376)] Duplicate id found. Reassigning from 101 to 127
[0511/043808:WARNING:p2ptransportchannel.cc(487)] Jingle:Port[2D0A7480:data:1:0:local:Net[any:0.0.0.x/0:Unknown]]: SetOption(5, 0) failed: 0
[0511/043808:WARNING:p2ptransportchannel.cc(487)] Jingle:Port[2D0A7950:data:1:0:local:Net[any:0:0:0:x:x:x:x:x/0:Unknown]]: SetOption(5, 0) failed: 0
[0511/043808:WARNING:p2ptransportchannel.cc(487)] Jingle:Port[2D0A7BB8:data:2:0:local:Net[any:0.0.0.x/0:Unknown]]: SetOption(5, 0) failed: 0
[0511/043808:WARNING:p2ptransportchannel.cc(487)] Jingle:Port[2D0A8088:data:2:0:local:Net[any:0:0:0:x:x:x:x:x/0:Unknown]]: SetOption(5, 0) failed: 0
[0511/043809:WARNING:stunport.cc(393)] Jingle:Port[16882970:data:1:0::Net[any:0:0:0:x:x:x:x:x/0:Unknown]]: StunPort: stun host lookup received error 0
[0511/043809:WARNING:stunport.cc(393)] Jingle:Port[16883EB0:data:2:0::Net[any:0:0:0:x:x:x:x:x/0:Unknown]]: StunPort: stun host lookup received error 0
[0511/043818:WARNING:mediasession.cc(376)] Duplicate id found. Reassigning from 101 to 127
[0511/043818:WARNING:stunport.cc(393)] Jingle:Port[3D62A870:data:1:0::Net[any:0:0:0:x:x:x:x:x/0:Unknown]]: StunPort: stun host lookup received error 0
[0511/043818:WARNING:stunport.cc(393)] Jingle:Port[3D62AB18:data:2:0::Net[any:0:0:0:x:x:x:x:x/0:Unknown]]: StunPort: stun host lookup received error 0
[0511/043818:WARNING:p2ptransportchannel.cc(487)] Jingle:Port[2DEB49D8:data:1:0:local:Net[any:0.0.0.x/0:Unknown]]: SetOption(5, 0) failed: 0
[0511/043818:WARNING:p2ptransportchannel.cc(487)] Jingle:Port[2DEB79F8:data:1:0:local:Net[any:0:0:0:x:x:x:x:x/0:Unknown]]: SetOption(5, 0) failed: 0
[0511/043818:WARNING:p2ptransportchannel.cc(487)] Jingle:Port[2DEB5F80:data:2:0:local:Net[any:0.0.0.x/0:Unknown]]: SetOption(5, 0) failed: 0
[0511/043818:WARNING:p2ptransportchannel.cc(487)] Jingle:Port[2DEB4038:data:2:0:local:Net[any:0:0:0:x:x:x:x:x/0:Unknown]]: SetOption(5, 0) failed: 0
[0511/043826:WARNING:mediasession.cc(376)] Duplicate id found. Reassigning from 101 to 127
[0511/043827:WARNING:p2ptransportchannel.cc(487)] Jingle:Port[2D0A8088:data:1:0:local:Net[any:0.0.0.x/0:Unknown]]: SetOption(5, 0) failed: 0
[0511/043827:WARNING:p2ptransportchannel.cc(487)] Jingle:Port[2D0A57A0:data:1:0:local:Net[any:0:0:0:x:x:x:x:x/0:Unknown]]: SetOption(5, 0) failed: 0
[0511/043827:WARNING:p2ptransportchannel.cc(487)] Jingle:Port[2D0A5ED8:data:2:0:local:Net[any:0.0.0.x/0:Unknown]]: SetOption(5, 0) failed: 0
[0511/043827:WARNING:p2ptransportchannel.cc(487)] Jingle:Port[2DEB4C40:data:2:0:local:Net[any:0:0:0:x:x:x:x:x/0:Unknown]]: SetOption(5, 0) failed: 0
[0511/043827:WARNING:stunport.cc(393)] Jingle:Port[168826C8:data:1:0::Net[any:0:0:0:x:x:x:x:x/0:Unknown]]: StunPort: stun host lookup received error 0
[0511/043827:WARNING:stunport.cc(393)] Jingle:Port[168853F0:data:2:0::Net[any:0:0:0:x:x:x:x:x/0:Unknown]]: StunPort: stun host lookup received error 0
[0511/043827:ERROR:stunport.cc(97)] Binding request timed out from 0.0.0.x:54693 (any)
[0511/043827:ERROR:stunport.cc(97)] Binding request timed out from 0.0.0.x:54695 (any)
[0511/043836:ERROR:stunport.cc(97)] Binding request timed out from 0.0.0.x:51430 (any)
[0511/043836:ERROR:stunport.cc(97)] Binding request timed out from 0.0.0.x:51432 (any)
[0511/043924:ERROR:proxy_service_factory.cc(130)] Cannot use V8 Proxy resolver in single process mode.
[0511/043937:WARNING:mediasession.cc(376)] Duplicate id found. Reassigning from 101 to 127
[0511/043937:WARNING:stunport.cc(393)] Jingle:Port[374F4598:data:1:0::Net[any:0:0:0:x:x:x:x:x/0:Unknown]]: StunPort: stun host lookup received error 0
[0511/043937:WARNING:stunport.cc(393)] Jingle:Port[374F7018:data:2:0::Net[any:0:0:0:x:x:x:x:x/0:Unknown]]: StunPort: stun host lookup received error 0
[0511/043937:WARNING:p2ptransportchannel.cc(487)] Jingle:Port[375EB098:data:1:0:local:Net[any:0.0.0.x/0:Unknown]]: SetOption(5, 0) failed: 0
[0511/043937:WARNING:p2ptransportchannel.cc(487)] Jingle:Port[375EBCA0:data:1:0:local:Net[any:0:0:0:x:x:x:x:x/0:Unknown]]: SetOption(5, 0) failed: 0
[0511/043937:WARNING:p2ptransportchannel.cc(487)] Jingle:Port[161E75E0:data:2:0:local:Net[any:0.0.0.x/0:Unknown]]: SetOption(5, 0) failed: 0
[0511/043937:WARNING:p2ptransportchannel.cc(487)] Jingle:Port[161E69D8:data:2:0:local:Net[any:0:0:0:x:x:x:x:x/0:Unknown]]: SetOption(5, 0) failed: 0
[0511/043946:ERROR:stunport.cc(97)] Binding request timed out from 0.0.0.x:62083 (any)
[0511/043946:ERROR:stunport.cc(97)] Binding request timed out from 0.0.0.x:62085 (any)
[0511/043955:WARNING:mediasession.cc(376)] Duplicate id found. Reassigning from 101 to 127
[0511/043955:WARNING:stunport.cc(393)] Jingle:Port[374F52E0:data:1:0::Net[any:0:0:0:x:x:x:x:x/0:Unknown]]: StunPort: stun host lookup received error 0
[0511/043955:WARNING:stunport.cc(393)] Jingle:Port[374F4D90:data:2:0::Net[any:0:0:0:x:x:x:x:x/0:Unknown]]: StunPort: stun host lookup received error 0
[0511/043955:WARNING:p2ptransportchannel.cc(487)] Jingle:Port[3AC960C0:data:1:0:local:Net[any:0.0.0.x/0:Unknown]]: SetOption(5, 0) failed: 0
[0511/043955:WARNING:p2ptransportchannel.cc(487)] Jingle:Port[3AC97668:data:1:0:local:Net[any:0:0:0:x:x:x:x:x/0:Unknown]]: SetOption(5, 0) failed: 0
[0511/043955:WARNING:p2ptransportchannel.cc(487)] Jingle:Port[3AC96F30:data:2:0:local:Net[any:0.0.0.x/0:Unknown]]: SetOption(5, 0) failed: 0
[0511/043955:WARNING:p2ptransportchannel.cc(487)] Jingle:Port[3AC96590:data:2:0:local:Net[any:0:0:0:x:x:x:x:x/0:Unknown]]: SetOption(5, 0) failed: 0
[0511/044004:ERROR:stunport.cc(97)] Binding request timed out from 0.0.0.x:63373 (any)
[0511/044004:ERROR:stunport.cc(97)] Binding request timed out from 0.0.0.x:63375 (any)
[0511/211818:ERROR:proxy_service_factory.cc(130)] Cannot use V8 Proxy resolver in single process mode.
[0511/220847:ERROR:proxy_service_factory.cc(130)] Cannot use V8 Proxy resolver in single process mode.
[0511/221805:ERROR:proxy_service_factory.cc(130)] Cannot use V8 Proxy resolver in single process mode.
[0511/221805:ERROR:cache_util_win.cc(20)] Unable to move the cache: 5
[0511/221805:ERROR:cache_util.cc(134)] Unable to move cache folder C:\Users\10515\AppData\Local\Temp\CEF\GPUCache to C:\Users\10515\AppData\Local\Temp\CEF\old_GPUCache_000
[0511/221805:ERROR:cache_creator.cc(129)] Unable to create cache
[0511/221805:ERROR:shader_disk_cache.cc(589)] Shader Cache Creation failed: -2
[0512/200233:ERROR:proxy_service_factory.cc(130)] Cannot use V8 Proxy resolver in single process mode.
[0512/200235:ERROR:ipc_channel_win.cc(519)] pipe error: 232
[0512/202317:ERROR:proxy_service_factory.cc(130)] Cannot use V8 Proxy resolver in single process mode.
[0512/233149:ERROR:proxy_service_factory.cc(130)] Cannot use V8 Proxy resolver in single process mode.
[0512/233439:ERROR:proxy_service_factory.cc(130)] Cannot use V8 Proxy resolver in single process mode.
[0512/233524:ERROR:proxy_service_factory.cc(130)] Cannot use V8 Proxy resolver in single process mode.
[0512/233527:ERROR:proxy_service_factory.cc(130)] Cannot use V8 Proxy resolver in single process mode.
[0512/233528:ERROR:proxy_service_factory.cc(130)] Cannot use V8 Proxy resolver in single process mode.
[0512/233529:ERROR:proxy_service_factory.cc(130)] Cannot use V8 Proxy resolver in single process mode.
[0512/233530:ERROR:proxy_service_factory.cc(130)] Cannot use V8 Proxy resolver in single process mode.
[0512/233531:ERROR:proxy_service_factory.cc(130)] Cannot use V8 Proxy resolver in single process mode.
[0512/233532:ERROR:proxy_service_factory.cc(130)] Cannot use V8 Proxy resolver in single process mode.
[0512/233547:ERROR:proxy_service_factory.cc(130)] Cannot use V8 Proxy resolver in single process mode.
[0512/233548:ERROR:proxy_service_factory.cc(130)] Cannot use V8 Proxy resolver in single process mode.
[0512/235012:ERROR:proxy_service_factory.cc(130)] Cannot use V8 Proxy resolver in single process mode.
[0512/235148:ERROR:proxy_service_factory.cc(130)] Cannot use V8 Proxy resolver in single process mode.
[0512/235233:ERROR:proxy_service_factory.cc(130)] Cannot use V8 Proxy resolver in single process mode.
[0512/235619:ERROR:proxy_service_factory.cc(130)] Cannot use V8 Proxy resolver in single process mode.
[0512/235709:ERROR:proxy_service_factory.cc(130)] Cannot use V8 Proxy resolver in single process mode.
[0512/235710:ERROR:ipc_channel_win.cc(519)] pipe error: 232
[0512/235712:ERROR:proxy_service_factory.cc(130)] Cannot use V8 Proxy resolver in single process mode.
[0512/235842:ERROR:proxy_service_factory.cc(130)] Cannot use V8 Proxy resolver in single process mode.
[0512/235914:ERROR:CONSOLE(0)] "The given range isn't in document.", source: chrome-devtools://devtools/inspector.html (0)
[0512/235938:ERROR:proxy_service_factory.cc(130)] Cannot use V8 Proxy resolver in single process mode.
[0513/000127:ERROR:proxy_service_factory.cc(130)] Cannot use V8 Proxy resolver in single process mode.
[0513/000129:ERROR:proxy_service_factory.cc(130)] Cannot use V8 Proxy resolver in single process mode.
[0513/000130:ERROR:proxy_service_factory.cc(130)] Cannot use V8 Proxy resolver in single process mode.
[0513/000151:ERROR:proxy_service_factory.cc(130)] Cannot use V8 Proxy resolver in single process mode.
[0513/000259:ERROR:proxy_service_factory.cc(130)] Cannot use V8 Proxy resolver in single process mode.
[0513/000415:ERROR:proxy_service_factory.cc(130)] Cannot use V8 Proxy resolver in single process mode.
[0513/000422:ERROR:proxy_service_factory.cc(130)] Cannot use V8 Proxy resolver in single process mode.
[0513/000444:ERROR:proxy_service_factory.cc(130)] Cannot use V8 Proxy resolver in single process mode.
[0513/000543:ERROR:proxy_service_factory.cc(130)] Cannot use V8 Proxy resolver in single process mode.
[0513/000545:ERROR:ipc_channel_win.cc(519)] pipe error: 232
[0513/000604:ERROR:proxy_service_factory.cc(130)] Cannot use V8 Proxy resolver in single process mode.
[0513/000841:ERROR:proxy_service_factory.cc(130)] Cannot use V8 Proxy resolver in single process mode.
[0513/003509:ERROR:proxy_service_factory.cc(130)] Cannot use V8 Proxy resolver in single process mode.
[0513/003942:ERROR:proxy_service_factory.cc(130)] Cannot use V8 Proxy resolver in single process mode.
[0513/004022:ERROR:proxy_service_factory.cc(130)] Cannot use V8 Proxy resolver in single process mode.
[0513/004035:WARNING:mediasession.cc(376)] Duplicate id found. Reassigning from 101 to 127
[0513/004035:WARNING:p2ptransportchannel.cc(487)] Jingle:Port[3BB53C90:data:1:0:local:Net[any:0.0.0.x/0:Unknown]]: SetOption(5, 0) failed: 0
[0513/004035:WARNING:p2ptransportchannel.cc(487)] Jingle:Port[3BB54FD0:data:1:0:local:Net[any:0:0:0:x:x:x:x:x/0:Unknown]]: SetOption(5, 0) failed: 0
[0513/004035:WARNING:p2ptransportchannel.cc(487)] Jingle:Port[3BB51FB0:data:2:0:local:Net[any:0.0.0.x/0:Unknown]]: SetOption(5, 0) failed: 0
[0513/004035:WARNING:p2ptransportchannel.cc(487)] Jingle:Port[3BB53EF8:data:2:0:local:Net[any:0:0:0:x:x:x:x:x/0:Unknown]]: SetOption(5, 0) failed: 0
[0513/004036:WARNING:stunport.cc(393)] Jingle:Port[3BF25F08:data:1:0::Net[any:0:0:0:x:x:x:x:x/0:Unknown]]: StunPort: stun host lookup received error 0
[0513/004036:WARNING:stunport.cc(393)] Jingle:Port[14E37DB0:data:2:0::Net[any:0:0:0:x:x:x:x:x/0:Unknown]]: StunPort: stun host lookup received error 0
[0513/004046:ERROR:stunport.cc(97)] Binding request timed out from 0.0.0.x:54422 (any)
[0513/004046:ERROR:stunport.cc(97)] Binding request timed out from 0.0.0.x:54424 (any)
[0513/004051:WARNING:mediasession.cc(376)] Duplicate id found. Reassigning from 101 to 127
[0513/004051:WARNING:p2ptransportchannel.cc(487)] Jingle:Port[14C01A40:data:1:0:local:Net[any:0.0.0.x/0:Unknown]]: SetOption(5, 0) failed: 0
[0513/004051:WARNING:p2ptransportchannel.cc(487)] Jingle:Port[14BFEC88:data:1:0:local:Net[any:0:0:0:x:x:x:x:x/0:Unknown]]: SetOption(5, 0) failed: 0
[0513/004051:WARNING:p2ptransportchannel.cc(487)] Jingle:Port[14BFF3C0:data:2:0:local:Net[any:0.0.0.x/0:Unknown]]: SetOption(5, 0) failed: 0
[0513/004051:WARNING:p2ptransportchannel.cc(487)] Jingle:Port[14C01F10:data:2:0:local:Net[any:0:0:0:x:x:x:x:x/0:Unknown]]: SetOption(5, 0) failed: 0
[0513/004052:WARNING:stunport.cc(393)] Jingle:Port[3C3A5548:data:1:0::Net[any:0:0:0:x:x:x:x:x/0:Unknown]]: StunPort: stun host lookup received error 0
[0513/004052:WARNING:stunport.cc(393)] Jingle:Port[3C3A5A98:data:2:0::Net[any:0:0:0:x:x:x:x:x/0:Unknown]]: StunPort: stun host lookup received error 0
[0513/004101:ERROR:stunport.cc(97)] Binding request timed out from 0.0.0.x:60791 (any)
[0513/004101:ERROR:stunport.cc(97)] Binding request timed out from 0.0.0.x:60793 (any)
[0513/004216:WARNING:mediasession.cc(376)] Duplicate id found. Reassigning from 101 to 127
[0513/004218:WARNING:stunport.cc(393)] Jingle:Port[3C3A7528:data:1:0::Net[any:0:0:0:x:x:x:x:x/0:Unknown]]: StunPort: stun host lookup received error 0
[0513/004218:WARNING:stunport.cc(393)] Jingle:Port[3C3A67E0:data:2:0::Net[any:0:0:0:x:x:x:x:x/0:Unknown]]: StunPort: stun host lookup received error 0
[0513/004218:WARNING:p2ptransportchannel.cc(487)] Jingle:Port[3C433F20:data:1:0:local:Net[any:0.0.0.x/0:Unknown]]: SetOption(5, 0) failed: 0
[0513/004218:WARNING:p2ptransportchannel.cc(487)] Jingle:Port[3C4330B0:data:1:0:local:Net[any:0:0:0:x:x:x:x:x/0:Unknown]]: SetOption(5, 0) failed: 0
[0513/004218:WARNING:p2ptransportchannel.cc(487)] Jingle:Port[3C433318:data:2:0:local:Net[any:0.0.0.x/0:Unknown]]: SetOption(5, 0) failed: 0
[0513/004218:WARNING:p2ptransportchannel.cc(487)] Jingle:Port[3C433580:data:2:0:local:Net[any:0:0:0:x:x:x:x:x/0:Unknown]]: SetOption(5, 0) failed: 0
[0513/004227:ERROR:stunport.cc(97)] Binding request timed out from 0.0.0.x:53063 (any)
[0513/004227:ERROR:stunport.cc(97)] Binding request timed out from 0.0.0.x:53065 (any)
[0513/004647:WARNING:mediasession.cc(376)] Duplicate id found. Reassigning from 101 to 127
[0513/004647:WARNING:p2ptransportchannel.cc(487)] Jingle:Port[42714EF8:data:1:0:local:Net[any:0.0.0.x/0:Unknown]]: SetOption(5, 0) failed: 0
[0513/004647:WARNING:p2ptransportchannel.cc(487)] Jingle:Port[42715160:data:1:0:local:Net[any:0:0:0:x:x:x:x:x/0:Unknown]]: SetOption(5, 0) failed: 0
[0513/004647:WARNING:p2ptransportchannel.cc(487)] Jingle:Port[427164A0:data:2:0:local:Net[any:0.0.0.x/0:Unknown]]: SetOption(5, 0) failed: 0
[0513/004647:WARNING:p2ptransportchannel.cc(487)] Jingle:Port[42716708:data:2:0:local:Net[any:0:0:0:x:x:x:x:x/0:Unknown]]: SetOption(5, 0) failed: 0
[0513/004648:WARNING:stunport.cc(393)] Jingle:Port[3C3A4800:data:1:0::Net[any:0:0:0:x:x:x:x:x/0:Unknown]]: StunPort: stun host lookup received error 0
[0513/004648:WARNING:stunport.cc(393)] Jingle:Port[3C3A4D50:data:2:0::Net[any:0:0:0:x:x:x:x:x/0:Unknown]]: StunPort: stun host lookup received error 0
[0513/004657:ERROR:stunport.cc(97)] Binding request timed out from 0.0.0.x:65482 (any)
[0513/004657:ERROR:stunport.cc(97)] Binding request timed out from 0.0.0.x:65484 (any)
[0513/102324:ERROR:proxy_service_factory.cc(130)] Cannot use V8 Proxy resolver in single process mode.
[0513/102812:ERROR:proxy_service_factory.cc(130)] Cannot use V8 Proxy resolver in single process mode.
[0513/102833:WARNING:mediasession.cc(376)] Duplicate id found. Reassigning from 101 to 127
[0513/102833:WARNING:p2ptransportchannel.cc(487)] Jingle:Port[377DD4E8:data:1:0:local:Net[any:0.0.0.x/0:Unknown]]: SetOption(5, 0) failed: 0
[0513/102833:WARNING:p2ptransportchannel.cc(487)] Jingle:Port[377DC410:data:1:0:local:Net[any:0:0:0:x:x:x:x:x/0:Unknown]]: SetOption(5, 0) failed: 0
[0513/102833:WARNING:p2ptransportchannel.cc(487)] Jingle:Port[377DA4C8:data:2:0:local:Net[any:0.0.0.x/0:Unknown]]: SetOption(5, 0) failed: 0
[0513/102833:WARNING:p2ptransportchannel.cc(487)] Jingle:Port[377D9D90:data:2:0:local:Net[any:0:0:0:x:x:x:x:x/0:Unknown]]: SetOption(5, 0) failed: 0
[0513/102834:WARNING:stunport.cc(393)] Jingle:Port[377CE058:data:1:0::Net[any:0:0:0:x:x:x:x:x/0:Unknown]]: StunPort: stun host lookup received error 0
[0513/102834:WARNING:stunport.cc(393)] Jingle:Port[377D02E0:data:2:0::Net[any:0:0:0:x:x:x:x:x/0:Unknown]]: StunPort: stun host lookup received error 0
[0513/102844:ERROR:stunport.cc(97)] Binding request timed out from 0.0.0.x:59787 (any)
[0513/102844:ERROR:stunport.cc(97)] Binding request timed out from 0.0.0.x:59789 (any)
[0513/102846:WARNING:mediasession.cc(376)] Duplicate id found. Reassigning from 101 to 127
[0513/102846:WARNING:stunport.cc(393)] Jingle:Port[37C497D0:data:1:0::Net[any:0:0:0:x:x:x:x:x/0:Unknown]]: StunPort: stun host lookup received error 0
[0513/102846:WARNING:stunport.cc(393)] Jingle:Port[37C49D20:data:2:0::Net[any:0:0:0:x:x:x:x:x/0:Unknown]]: StunPort: stun host lookup received error 0
[0513/102846:WARNING:p2ptransportchannel.cc(487)] Jingle:Port[42A9C1B8:data:1:0:local:Net[any:0.0.0.x/0:Unknown]]: SetOption(5, 0) failed: 0
[0513/102846:WARNING:p2ptransportchannel.cc(487)] Jingle:Port[42A9A270:data:1:0:local:Net[any:0:0:0:x:x:x:x:x/0:Unknown]]: SetOption(5, 0) failed: 0
[0513/102846:WARNING:p2ptransportchannel.cc(487)] Jingle:Port[42A9C420:data:2:0:local:Net[any:0.0.0.x/0:Unknown]]: SetOption(5, 0) failed: 0
[0513/102846:WARNING:p2ptransportchannel.cc(487)] Jingle:Port[42A9BCE8:data:2:0:local:Net[any:0:0:0:x:x:x:x:x/0:Unknown]]: SetOption(5, 0) failed: 0
[0513/103824:ERROR:proxy_service_factory.cc(130)] Cannot use V8 Proxy resolver in single process mode.
[0513/103826:ERROR:ipc_channel_win.cc(519)] pipe error: 232
[0513/103827:ERROR:proxy_service_factory.cc(130)] Cannot use V8 Proxy resolver in single process mode.
[0513/103836:WARNING:mediasession.cc(376)] Duplicate id found. Reassigning from 101 to 127
[0513/103837:WARNING:p2ptransportchannel.cc(487)] Jingle:Port[32DD93D8:data:1:0:local:Net[any:0.0.0.x/0:Unknown]]: SetOption(5, 0) failed: 0
[0513/103837:WARNING:p2ptransportchannel.cc(487)] Jingle:Port[32DDA718:data:1:0:local:Net[any:0:0:0:x:x:x:x:x/0:Unknown]]: SetOption(5, 0) failed: 0
[0513/103837:WARNING:p2ptransportchannel.cc(487)] Jingle:Port[32DD8A38:data:2:0:local:Net[any:0.0.0.x/0:Unknown]]: SetOption(5, 0) failed: 0
[0513/103837:WARNING:p2ptransportchannel.cc(487)] Jingle:Port[32DD9D78:data:2:0:local:Net[any:0:0:0:x:x:x:x:x/0:Unknown]]: SetOption(5, 0) failed: 0
[0513/103838:WARNING:stunport.cc(393)] Jingle:Port[32ABBD68:data:1:0::Net[any:0:0:0:x:x:x:x:x/0:Unknown]]: StunPort: stun host lookup received error 0
[0513/103838:WARNING:stunport.cc(393)] Jingle:Port[32ABD000:data:2:0::Net[any:0:0:0:x:x:x:x:x/0:Unknown]]: StunPort: stun host lookup received error 0
[0513/103840:WARNING:mediasession.cc(376)] Duplicate id found. Reassigning from 101 to 127
[0513/103840:WARNING:p2ptransportchannel.cc(487)] Jingle:Port[4A7D6DA0:data:1:0:local:Net[any:0.0.0.x/0:Unknown]]: SetOption(5, 0) failed: 0
[0513/103840:WARNING:p2ptransportchannel.cc(487)] Jingle:Port[4A7D7008:data:1:0:local:Net[any:0:0:0:x:x:x:x:x/0:Unknown]]: SetOption(5, 0) failed: 0
[0513/103840:WARNING:p2ptransportchannel.cc(487)] Jingle:Port[4A7D74D8:data:2:0:local:Net[any:0.0.0.x/0:Unknown]]: SetOption(5, 0) failed: 0
[0513/103840:WARNING:p2ptransportchannel.cc(487)] Jingle:Port[4A7D80E0:data:2:0:local:Net[any:0:0:0:x:x:x:x:x/0:Unknown]]: SetOption(5, 0) failed: 0
[0513/103841:WARNING:stunport.cc(393)] Jingle:Port[32ABED38:data:1:0::Net[any:0:0:0:x:x:x:x:x/0:Unknown]]: StunPort: stun host lookup received error 0
[0513/103841:WARNING:stunport.cc(393)] Jingle:Port[32ABDAA0:data:2:0::Net[any:0:0:0:x:x:x:x:x/0:Unknown]]: StunPort: stun host lookup received error 0
[0513/103924:ERROR:proxy_service_factory.cc(130)] Cannot use V8 Proxy resolver in single process mode.
[0513/103929:ERROR:proxy_service_factory.cc(130)] Cannot use V8 Proxy resolver in single process mode.
[0513/103935:ERROR:proxy_service_factory.cc(130)] Cannot use V8 Proxy resolver in single process mode.
[0513/103940:ERROR:ipc_channel_win.cc(519)] pipe error: 232
[0513/103959:ERROR:proxy_service_factory.cc(130)] Cannot use V8 Proxy resolver in single process mode.
[0513/104001:ERROR:proxy_service_factory.cc(130)] Cannot use V8 Proxy resolver in single process mode.
[0513/104006:ERROR:proxy_service_factory.cc(130)] Cannot use V8 Proxy resolver in single process mode.
[0513/104014:ERROR:proxy_service_factory.cc(130)] Cannot use V8 Proxy resolver in single process mode.
[0513/104023:WARNING:mediasession.cc(376)] Duplicate id found. Reassigning from 101 to 127
[0513/104023:WARNING:stunport.cc(393)] Jingle:Port[32BD2A88:data:1:0::Net[any:0:0:0:x:x:x:x:x/0:Unknown]]: StunPort: stun host lookup received error 0
[0513/104023:WARNING:stunport.cc(393)] Jingle:Port[32BD2538:data:2:0::Net[any:0:0:0:x:x:x:x:x/0:Unknown]]: StunPort: stun host lookup received error 0
[0513/104023:WARNING:p2ptransportchannel.cc(487)] Jingle:Port[32C3E9E8:data:1:0:local:Net[any:0.0.0.x/0:Unknown]]: SetOption(5, 0) failed: 0
[0513/104023:WARNING:p2ptransportchannel.cc(487)] Jingle:Port[32C23F98:data:1:0:local:Net[any:0:0:0:x:x:x:x:x/0:Unknown]]: SetOption(5, 0) failed: 0
[0513/104023:WARNING:p2ptransportchannel.cc(487)] Jingle:Port[33487748:data:2:0:local:Net[any:0.0.0.x/0:Unknown]]: SetOption(5, 0) failed: 0
[0513/104023:WARNING:p2ptransportchannel.cc(487)] Jingle:Port[32BACB10:data:2:0:local:Net[any:0:0:0:x:x:x:x:x/0:Unknown]]: SetOption(5, 0) failed: 0
[0513/104714:ERROR:proxy_service_factory.cc(130)] Cannot use V8 Proxy resolver in single process mode.
[0513/104720:ERROR:proxy_service_factory.cc(130)] Cannot use V8 Proxy resolver in single process mode.
[0513/104731:WARNING:mediasession.cc(376)] Duplicate id found. Reassigning from 101 to 127
[0513/104731:WARNING:stunport.cc(393)] Jingle:Port[2BD0C1F8:data:1:0::Net[any:0:0:0:x:x:x:x:x/0:Unknown]]: StunPort: stun host lookup received error 0
[0513/104731:WARNING:stunport.cc(393)] Jingle:Port[2BD0D1E8:data:2:0::Net[any:0:0:0:x:x:x:x:x/0:Unknown]]: StunPort: stun host lookup received error 0
[0513/104731:WARNING:p2ptransportchannel.cc(487)] Jingle:Port[2BB11F60:data:1:0:local:Net[any:0.0.0.x/0:Unknown]]: SetOption(5, 0) failed: 0
[0513/104731:WARNING:p2ptransportchannel.cc(487)] Jingle:Port[15CC3E20:data:1:0:local:Net[any:0:0:0:x:x:x:x:x/0:Unknown]]: SetOption(5, 0) failed: 0
[0513/104731:WARNING:p2ptransportchannel.cc(487)] Jingle:Port[2BB79AC0:data:2:0:local:Net[any:0.0.0.x/0:Unknown]]: SetOption(5, 0) failed: 0
[0513/104731:WARNING:p2ptransportchannel.cc(487)] Jingle:Port[158C8A88:data:2:0:local:Net[any:0:0:0:x:x:x:x:x/0:Unknown]]: SetOption(5, 0) failed: 0
[0513/104811:ERROR:proxy_service_factory.cc(130)] Cannot use V8 Proxy resolver in single process mode.
[0513/104817:WARNING:mediasession.cc(376)] Duplicate id found. Reassigning from 101 to 127
[0513/105010:ERROR:proxy_service_factory.cc(130)] Cannot use V8 Proxy resolver in single process mode.
[0513/105017:ERROR:proxy_service_factory.cc(130)] Cannot use V8 Proxy resolver in single process mode.
[0513/105019:ERROR:proxy_service_factory.cc(130)] Cannot use V8 Proxy resolver in single process mode.
[0513/105027:ERROR:proxy_service_factory.cc(130)] Cannot use V8 Proxy resolver in single process mode.
[0513/105038:WARNING:mediasession.cc(376)] Duplicate id found. Reassigning from 101 to 127
[0513/105038:WARNING:stunport.cc(393)] Jingle:Port[3AB72228:data:1:0::Net[any:0:0:0:x:x:x:x:x/0:Unknown]]: StunPort: stun host lookup received error 0
[0513/105038:WARNING:stunport.cc(393)] Jingle:Port[3AB71A30:data:2:0::Net[any:0:0:0:x:x:x:x:x/0:Unknown]]: StunPort: stun host lookup received error 0
[0513/105038:WARNING:p2ptransportchannel.cc(487)] Jingle:Port[3A5D40B0:data:1:0:local:Net[any:0.0.0.x/0:Unknown]]: SetOption(5, 0) failed: 0
[0513/105038:WARNING:p2ptransportchannel.cc(487)] Jingle:Port[3A5D5658:data:1:0:local:Net[any:0:0:0:x:x:x:x:x/0:Unknown]]: SetOption(5, 0) failed: 0
[0513/105038:WARNING:p2ptransportchannel.cc(487)] Jingle:Port[3A5D58C0:data:2:0:local:Net[any:0.0.0.x/0:Unknown]]: SetOption(5, 0) failed: 0
[0513/105038:WARNING:p2ptransportchannel.cc(487)] Jingle:Port[3A5D34A8:data:2:0:local:Net[any:0:0:0:x:x:x:x:x/0:Unknown]]: SetOption(5, 0) failed: 0
[0513/105056:ERROR:proxy_service_factory.cc(130)] Cannot use V8 Proxy resolver in single process mode.
[0513/105103:ERROR:proxy_service_factory.cc(130)] Cannot use V8 Proxy resolver in single process mode.
[0513/105110:WARNING:mediasession.cc(376)] Duplicate id found. Reassigning from 101 to 127
[0513/105110:WARNING:stunport.cc(393)] Jingle:Port[3233F9E0:data:1:0::Net[any:0:0:0:x:x:x:x:x/0:Unknown]]: StunPort: stun host lookup received error 0
[0513/105110:WARNING:stunport.cc(393)] Jingle:Port[3233FC88:data:2:0::Net[any:0:0:0:x:x:x:x:x/0:Unknown]]: StunPort: stun host lookup received error 0
[0513/105111:WARNING:p2ptransportchannel.cc(487)] Jingle:Port[326DD590:data:1:0:local:Net[any:0.0.0.x/0:Unknown]]: SetOption(5, 0) failed: 0
[0513/105111:WARNING:p2ptransportchannel.cc(487)] Jingle:Port[326DCE58:data:1:0:local:Net[any:0:0:0:x:x:x:x:x/0:Unknown]]: SetOption(5, 0) failed: 0
[0513/105111:WARNING:p2ptransportchannel.cc(487)] Jingle:Port[326DBFE8:data:2:0:local:Net[any:0.0.0.x/0:Unknown]]: SetOption(5, 0) failed: 0
[0513/105111:WARNING:p2ptransportchannel.cc(487)] Jingle:Port[326DC250:data:2:0:local:Net[any:0:0:0:x:x:x:x:x/0:Unknown]]: SetOption(5, 0) failed: 0
[0513/110641:ERROR:proxy_service_factory.cc(130)] Cannot use V8 Proxy resolver in single process mode.
[0513/111120:ERROR:proxy_service_factory.cc(130)] Cannot use V8 Proxy resolver in single process mode.
[0513/111310:ERROR:ipc_channel_win.cc(519)] pipe error: 232
[0513/111625:WARNING:mediasession.cc(376)] Duplicate id found. Reassigning from 101 to 127
[0513/111625:WARNING:p2ptransportchannel.cc(487)] Jingle:Port[0A9A3440:data:1:0:local:Net[any:0.0.0.x/0:Unknown]]: SetOption(5, 0) failed: 0
[0513/111625:WARNING:p2ptransportchannel.cc(487)] Jingle:Port[09470F38:data:1:0:local:Net[any:0:0:0:x:x:x:x:x/0:Unknown]]: SetOption(5, 0) failed: 0
[0513/111625:WARNING:p2ptransportchannel.cc(487)] Jingle:Port[095112D8:data:2:0:local:Net[any:0.0.0.x/0:Unknown]]: SetOption(5, 0) failed: 0
[0513/111625:WARNING:p2ptransportchannel.cc(487)] Jingle:Port[090259F0:data:2:0:local:Net[any:0:0:0:x:x:x:x:x/0:Unknown]]: SetOption(5, 0) failed: 0
[0513/111626:WARNING:stunport.cc(393)] Jingle:Port[011414F0:data:1:0::Net[any:0:0:0:x:x:x:x:x/0:Unknown]]: StunPort: stun host lookup received error 0
[0513/111626:WARNING:stunport.cc(393)] Jingle:Port[0A7D6568:data:2:0::Net[any:0:0:0:x:x:x:x:x/0:Unknown]]: StunPort: stun host lookup received error 0
[0513/111628:WARNING:mediasession.cc(376)] Duplicate id found. Reassigning from 101 to 127
[0513/111630:WARNING:stunport.cc(393)] Jingle:Port[09D23B98:data:1:0::Net[any:0:0:0:x:x:x:x:x/0:Unknown]]: StunPort: stun host lookup received error 0
[0513/111630:WARNING:stunport.cc(393)] Jingle:Port[09D24390:data:2:0::Net[any:0:0:0:x:x:x:x:x/0:Unknown]]: StunPort: stun host lookup received error 0
[0513/111630:WARNING:p2ptransportchannel.cc(487)] Jingle:Port[09C45B28:data:1:0:local:Net[any:0.0.0.x/0:Unknown]]: SetOption(5, 0) failed: 0
[0513/111630:WARNING:p2ptransportchannel.cc(487)] Jingle:Port[09C45D78:data:1:0:local:Net[any:0:0:0:x:x:x:x:x/0:Unknown]]: SetOption(5, 0) failed: 0
[0513/111630:WARNING:p2ptransportchannel.cc(487)] Jingle:Port[09C463D0:data:2:0:local:Net[any:0.0.0.x/0:Unknown]]: SetOption(5, 0) failed: 0
[0513/111630:WARNING:p2ptransportchannel.cc(487)] Jingle:Port[0BE2DDD0:data:2:0:local:Net[any:0:0:0:x:x:x:x:x/0:Unknown]]: SetOption(5, 0) failed: 0
[0513/111657:WARNING:mediasession.cc(376)] Duplicate id found. Reassigning from 101 to 127
[0513/111657:WARNING:stunport.cc(393)] Jingle:Port[09BDD910:data:1:0::Net[any:0:0:0:x:x:x:x:x/0:Unknown]]: StunPort: stun host lookup received error 0
[0513/111657:WARNING:stunport.cc(393)] Jingle:Port[099D2AE0:data:2:0::Net[any:0:0:0:x:x:x:x:x/0:Unknown]]: StunPort: stun host lookup received error 0
[0513/111657:WARNING:p2ptransportchannel.cc(487)] Jingle:Port[057C3740:data:1:0:local:Net[any:0.0.0.x/0:Unknown]]: SetOption(5, 0) failed: 0
[0513/111657:WARNING:p2ptransportchannel.cc(487)] Jingle:Port[01344C00:data:1:0:local:Net[any:0:0:0:x:x:x:x:x/0:Unknown]]: SetOption(5, 0) failed: 0
[0513/111657:WARNING:p2ptransportchannel.cc(487)] Jingle:Port[01331C00:data:2:0:local:Net[any:0.0.0.x/0:Unknown]]: SetOption(5, 0) failed: 0
[0513/111657:WARNING:p2ptransportchannel.cc(487)] Jingle:Port[099CF4B0:data:2:0:local:Net[any:0:0:0:x:x:x:x:x/0:Unknown]]: SetOption(5, 0) failed: 0
[0513/111659:WARNING:mediasession.cc(376)] Duplicate id found. Reassigning from 101 to 127
[0513/111701:WARNING:stunport.cc(393)] Jingle:Port[0BE84F40:data:1:0::Net[any:0:0:0:x:x:x:x:x/0:Unknown]]: StunPort: stun host lookup received error 0
[0513/111701:WARNING:stunport.cc(393)] Jingle:Port[0BE83CA8:data:2:0::Net[any:0:0:0:x:x:x:x:x/0:Unknown]]: StunPort: stun host lookup received error 0
[0513/111701:WARNING:p2ptransportchannel.cc(487)] Jingle:Port[0BF3A920:data:1:0:local:Net[any:0.0.0.x/0:Unknown]]: SetOption(5, 0) failed: 0
[0513/111701:WARNING:p2ptransportchannel.cc(487)] Jingle:Port[0BF3CBA8:data:1:0:local:Net[any:0:0:0:x:x:x:x:x/0:Unknown]]: SetOption(5, 0) failed: 0
[0513/111701:WARNING:p2ptransportchannel.cc(487)] Jingle:Port[0BEBE260:data:2:0:local:Net[any:0.0.0.x/0:Unknown]]: SetOption(5, 0) failed: 0
[0513/111701:WARNING:p2ptransportchannel.cc(487)] Jingle:Port[0BF3E280:data:2:0:local:Net[any:0:0:0:x:x:x:x:x/0:Unknown]]: SetOption(5, 0) failed: 0
[0513/111707:ERROR:stunport.cc(97)] Binding request timed out from 0.0.0.x:61437 (any)
[0513/111707:ERROR:stunport.cc(97)] Binding request timed out from 0.0.0.x:61439 (any)
[0513/121630:ERROR:cache_util_win.cc(20)] Unable to move the cache: 0
[0513/121630:ERROR:cache_util.cc(134)] Unable to move cache folder C:\Users\10515\AppData\Local\Temp\CEF\GPUCache to C:\Users\10515\AppData\Local\Temp\CEF\old_GPUCache_000
[0513/121630:ERROR:cache_creator.cc(129)] Unable to create cache
[0513/121630:ERROR:shader_disk_cache.cc(589)] Shader Cache Creation failed: -2
[0513/121630:ERROR:cache_util_win.cc(20)] Unable to move the cache: 5
[0513/121630:ERROR:cache_util.cc(134)] Unable to move cache folder C:\Users\10515\AppData\Local\Temp\CEF to C:\Users\10515\AppData\Local\Temp\old_CEF_000
[0513/121630:ERROR:cache_creator.cc(129)] Unable to create cache
[0513/123810:ERROR:cache_util_win.cc(20)] Unable to move the cache: 0
[0513/123810:ERROR:cache_util.cc(134)] Unable to move cache folder C:\Users\10515\AppData\Local\Temp\CEF\GPUCache to C:\Users\10515\AppData\Local\Temp\CEF\old_GPUCache_000
[0513/123810:ERROR:cache_creator.cc(129)] Unable to create cache
[0513/123810:ERROR:shader_disk_cache.cc(589)] Shader Cache Creation failed: -2
[0513/123810:ERROR:cache_util_win.cc(20)] Unable to move the cache: 5
[0513/123810:ERROR:cache_util.cc(134)] Unable to move cache folder C:\Users\10515\AppData\Local\Temp\CEF to C:\Users\10515\AppData\Local\Temp\old_CEF_000
[0513/123810:ERROR:cache_creator.cc(129)] Unable to create cache
[0513/132958:ERROR:render_media_log.cc(23)] MediaEvent: PIPELINE_ERROR demuxer: could not open
[0513/133001:ERROR:render_media_log.cc(23)] MediaEvent: PIPELINE_ERROR demuxer: could not open
[0513/133204:ERROR:cache_util_win.cc(20)] Unable to move the cache: 0
[0513/133204:ERROR:cache_util.cc(134)] Unable to move cache folder C:\Users\10515\AppData\Local\Temp\CEF\GPUCache to C:\Users\10515\AppData\Local\Temp\CEF\old_GPUCache_000
[0513/133204:ERROR:cache_creator.cc(129)] Unable to create cache
[0513/133204:ERROR:shader_disk_cache.cc(589)] Shader Cache Creation failed: -2
[0513/133204:ERROR:cache_util_win.cc(20)] Unable to move the cache: 5
[0513/133204:ERROR:cache_util.cc(134)] Unable to move cache folder C:\Users\10515\AppData\Local\Temp\CEF to C:\Users\10515\AppData\Local\Temp\old_CEF_000
[0513/133204:ERROR:cache_creator.cc(129)] Unable to create cache
[0513/133236:ERROR:cache_util_win.cc(20)] Unable to move the cache: 0
[0513/133236:ERROR:cache_util.cc(134)] Unable to move cache folder C:\Users\10515\AppData\Local\Temp\CEF\GPUCache to C:\Users\10515\AppData\Local\Temp\CEF\old_GPUCache_000
[0513/133236:ERROR:cache_creator.cc(129)] Unable to create cache
[0513/133236:ERROR:shader_disk_cache.cc(589)] Shader Cache Creation failed: -2
[0513/133236:ERROR:cache_util_win.cc(20)] Unable to move the cache: 5
[0513/133236:ERROR:cache_util.cc(134)] Unable to move cache folder C:\Users\10515\AppData\Local\Temp\CEF to C:\Users\10515\AppData\Local\Temp\old_CEF_000
[0513/133236:ERROR:cache_creator.cc(129)] Unable to create cache
[0513/133616:ERROR:render_media_log.cc(23)] MediaEvent: PIPELINE_ERROR demuxer: could not open
[0513/133616:ERROR:render_media_log.cc(23)] MediaEvent: PIPELINE_ERROR demuxer: could not open
[0513/142315:ERROR:ipc_channel_win.cc(519)] pipe error: 232
[0513/214009:ERROR:cache_util_win.cc(20)] Unable to move the cache: 0
[0513/214009:ERROR:cache_util.cc(134)] Unable to move cache folder C:\Users\10515\AppData\Local\Temp\CEF\GPUCache to C:\Users\10515\AppData\Local\Temp\CEF\old_GPUCache_000
[0513/214009:ERROR:cache_creator.cc(129)] Unable to create cache
[0513/214009:ERROR:shader_disk_cache.cc(589)] Shader Cache Creation failed: -2
[0513/214009:ERROR:cache_util_win.cc(20)] Unable to move the cache: 5
[0513/214009:ERROR:cache_util.cc(134)] Unable to move cache folder C:\Users\10515\AppData\Local\Temp\CEF to C:\Users\10515\AppData\Local\Temp\old_CEF_000
[0513/214009:ERROR:cache_creator.cc(129)] Unable to create cache
[0514/125623:ERROR:cache_util_win.cc(20)] Unable to move the cache: 0
[0514/125623:ERROR:cache_util.cc(134)] Unable to move cache folder C:\Users\10515\AppData\Local\Temp\CEF\GPUCache to C:\Users\10515\AppData\Local\Temp\CEF\old_GPUCache_000
[0514/125623:ERROR:cache_creator.cc(129)] Unable to create cache
[0514/125623:ERROR:shader_disk_cache.cc(589)] Shader Cache Creation failed: -2
[0514/125623:ERROR:cache_util_win.cc(20)] Unable to move the cache: 5
[0514/125623:ERROR:cache_util.cc(134)] Unable to move cache folder C:\Users\10515\AppData\Local\Temp\CEF to C:\Users\10515\AppData\Local\Temp\old_CEF_000
[0514/125623:ERROR:cache_creator.cc(129)] Unable to create cache
[0514/132906:ERROR:ipc_channel_win.cc(217)] pipe error: 109
[0514/132906:ERROR:ipc_channel_win.cc(217)] pipe error: 109
[0514/133439:ERROR:ipc_channel_win.cc(217)] pipe error: 109
[0514/140311:FATAL:memory_win.cc(38)] Out of memory, size = 67108899
[0514/182504:ERROR:cache_util_win.cc(20)] Unable to move the cache: 0
[0514/182504:ERROR:cache_util.cc(134)] Unable to move cache folder C:\Users\10515\AppData\Local\Temp\CEF\GPUCache to C:\Users\10515\AppData\Local\Temp\CEF\old_GPUCache_000
[0514/182504:ERROR:cache_creator.cc(129)] Unable to create cache
[0514/182504:ERROR:shader_disk_cache.cc(589)] Shader Cache Creation failed: -2
[0514/182509:ERROR:cache_util_win.cc(20)] Unable to move the cache: 5
[0514/182509:ERROR:cache_util.cc(134)] Unable to move cache folder C:\Users\10515\AppData\Local\Temp\CEF to C:\Users\10515\AppData\Local\Temp\old_CEF_000
[0514/182509:ERROR:cache_creator.cc(129)] Unable to create cache
[0514/182932:ERROR:cache_util_win.cc(20)] Unable to move the cache: 0
[0514/182932:ERROR:cache_util.cc(134)] Unable to move cache folder C:\Users\10515\AppData\Local\Temp\CEF\GPUCache to C:\Users\10515\AppData\Local\Temp\CEF\old_GPUCache_000
[0514/182932:ERROR:cache_creator.cc(129)] Unable to create cache
[0514/182932:ERROR:shader_disk_cache.cc(589)] Shader Cache Creation failed: -2
[0514/183520:ERROR:cache_util_win.cc(20)] Unable to move the cache: 0
[0514/183520:ERROR:cache_util.cc(134)] Unable to move cache folder C:\Users\10515\AppData\Local\Temp\CEF\GPUCache to C:\Users\10515\AppData\Local\Temp\CEF\old_GPUCache_000
[0514/183520:ERROR:cache_creator.cc(129)] Unable to create cache
[0514/183520:ERROR:shader_disk_cache.cc(589)] Shader Cache Creation failed: -2
[0514/183524:ERROR:cache_util_win.cc(20)] Unable to move the cache: 5
[0514/183524:ERROR:cache_util.cc(134)] Unable to move cache folder C:\Users\10515\AppData\Local\Temp\CEF to C:\Users\10515\AppData\Local\Temp\old_CEF_000
[0514/183524:ERROR:cache_creator.cc(129)] Unable to create cache
[0514/185307:ERROR:cache_util_win.cc(20)] Unable to move the cache: 0
[0514/185307:ERROR:cache_util.cc(134)] Unable to move cache folder C:\Users\10515\AppData\Local\Temp\CEF\GPUCache to C:\Users\10515\AppData\Local\Temp\CEF\old_GPUCache_000
[0514/185307:ERROR:cache_creator.cc(129)] Unable to create cache
[0514/185307:ERROR:shader_disk_cache.cc(589)] Shader Cache Creation failed: -2
[0514/191222:ERROR:cache_util_win.cc(20)] Unable to move the cache: 0
[0514/191222:ERROR:cache_util.cc(134)] Unable to move cache folder C:\Users\10515\AppData\Local\Temp\CEF\GPUCache to C:\Users\10515\AppData\Local\Temp\CEF\old_GPUCache_000
[0514/191222:ERROR:cache_creator.cc(129)] Unable to create cache
[0514/191222:ERROR:shader_disk_cache.cc(589)] Shader Cache Creation failed: -2
[0514/191225:ERROR:cache_util_win.cc(20)] Unable to move the cache: 5
[0514/191225:ERROR:cache_util.cc(134)] Unable to move cache folder C:\Users\10515\AppData\Local\Temp\CEF to C:\Users\10515\AppData\Local\Temp\old_CEF_000
[0514/191225:ERROR:cache_creator.cc(129)] Unable to create cache
[0603/143603:ERROR:render_media_log.cc(23)] MediaEvent: PIPELINE_ERROR demuxer: could not open
[0603/143633:ERROR:render_media_log.cc(23)] MediaEvent: PIPELINE_ERROR demuxer: could not open
[0603/143654:ERROR:render_media_log.cc(23)] MediaEvent: PIPELINE_ERROR demuxer: could not open
[0603/143655:ERROR:render_media_log.cc(23)] MediaEvent: PIPELINE_ERROR demuxer: could not open
[0603/143656:ERROR:render_media_log.cc(23)] MediaEvent: PIPELINE_ERROR demuxer: could not open
[0603/150826:ERROR:render_media_log.cc(23)] MediaEvent: PIPELINE_ERROR demuxer: could not open
