C:\Program Files (x86)\MSBuild\Microsoft.Cpp\v4.0\V140\Microsoft.CppBuild.targets(367,5): warning MSB8004: Intermediate Directory does not end with a trailing slash.  This build instance will add the slash as it is required to allow proper evaluation of the Intermediate Directory.
C:\Program Files (x86)\MSBuild\Microsoft.Cpp\v4.0\V140\Microsoft.CppBuild.targets(368,5): warning MSB8004: Output Directory does not end with a trailing slash.  This build instance will add the slash as it is required to allow proper evaluation of the Output Directory.
  stdafx.cpp
j:\vs2010cef\wikireader\wikireader\duilib\utils\uidelegate.h(217): warning C4251: 'DuiLib::CEventSource::m_aDelegates': class 'DuiLib::TStdPtrArray<DuiLib::CDelegateBase *>' needs to have dll-interface to be used by clients of class 'DuiLib::CEventSource'
j:\vs2010cef\wikireader\wikireader\duilib\core\uimanager.h(49): warning C4091: 'typedef ': ignored on left of 'DuiLib::EVENTTYPE_UI' when no variable is declared
j:\vs2010cef\wikireader\wikireader\duilib\control\uianimation.h(77): warning C4251: 'DuiLib::CUIAnimation::m_arAnimations': class 'DuiLib::TStdPtrArray<DuiLib::CAnimationData *>' needs to have dll-interface to be used by clients of class 'DuiLib::CUIAnimation'
j:\vs2010cef\wikireader\wikireader\duilib\control\uiflash.h(12): warning C4192: automatically excluding 'IServiceProvider' while importing type library '..\Utils/Flash11.tlb'
j:\vs2010cef\wikireader\wikireader\duilib\control\uimediaplayer.h(38): warning C4251: 'DuiLib::CMediaPlayerUI::wmp_': class 'ATL::CComQIPtr<WMPLib::IWMPPlayer4,_GUID_6c497d62_8919_413c_82db_e935fb3ec584>' needs to have dll-interface to be used by clients of class 'DuiLib::CMediaPlayerUI'
  MiniDumper.cpp
c:\program files (x86)\windows kits\8.1\include\um\dbghelp.h(1544): warning C4091: 'typedef ': ignored on left of '' when no variable is declared
c:\program files (x86)\windows kits\8.1\include\um\dbghelp.h(3190): warning C4091: 'typedef ': ignored on left of '' when no variable is declared
  Entry.cc
  clientapp.cc
  CEFWebkitBrowser.cc
  CEFWebkit.cc
  CEFV8HandlerEx.cc
  BrowserHandlers.cc
  Generating Code...
C:\Program Files (x86)\MSBuild\Microsoft.Cpp\v4.0\V140\Microsoft.CppBuild.targets(1189,5): warning MSB8012: TargetPath(J:\VS2010CEF\WikiReader\WikiReader\Build\CEFWebkitBrowser_d\CEFWebkitBrowser.exe) does not match the Linker's OutputFile property value (J:\VS2010CEF\WikiReader\WikiReader\bin_d\CEFWebkitBrowser_d.exe). This may cause your project to build incorrectly. To correct this, please make sure that $(OutDir), $(TargetName) and $(TargetExt) property values match the value specified in %(Link.OutputFile).
C:\Program Files (x86)\MSBuild\Microsoft.Cpp\v4.0\V140\Microsoft.CppBuild.targets(1191,5): warning MSB8012: TargetName(CEFWebkitBrowser) does not match the Linker's OutputFile property value (CEFWebkitBrowser_d). This may cause your project to build incorrectly. To correct this, please make sure that $(OutDir), $(TargetName) and $(TargetExt) property values match the value specified in %(Link.OutputFile).
LINK : fatal error LNK1104: cannot open file 'libcef.lib'
