j:\vs2010cef\wikireader\wikireader\build\release_u\duilib.pch
j:\vs2010cef\wikireader\wikireader\build\release_u\vc140.pdb
j:\vs2010cef\wikireader\wikireader\build\release_u\stdafx.obj
j:\vs2010cef\wikireader\wikireader\build\release_u\uitablayout.obj
j:\vs2010cef\wikireader\wikireader\build\release_u\uihorizontallayout.obj
j:\vs2010cef\wikireader\wikireader\build\release_u\uichildlayout.obj
j:\vs2010cef\wikireader\wikireader\build\release_u\uirender.obj
j:\vs2010cef\wikireader\wikireader\build\release_u\uimarkup.obj
j:\vs2010cef\wikireader\wikireader\build\release_u\uimanager.obj
j:\vs2010cef\wikireader\wikireader\build\release_u\uidlgbuilder.obj
j:\vs2010cef\wikireader\wikireader\build\release_u\uicontrol.obj
j:\vs2010cef\wikireader\wikireader\build\release_u\uicontainer.obj
j:\vs2010cef\wikireader\wikireader\build\release_u\uibase.obj
j:\vs2010cef\wikireader\wikireader\build\release_u\utils.obj
j:\vs2010cef\wikireader\wikireader\build\release_u\uidelegate.obj
j:\vs2010cef\wikireader\wikireader\build\release_u\winimplbase.obj
j:\vs2010cef\wikireader\wikireader\build\release_u\uilib.obj
j:\vs2010cef\wikireader\wikireader\build\release_u\uimediaplayer.obj
j:\vs2010cef\wikireader\wikireader\build\release_u\uiipaddress.obj
j:\vs2010cef\wikireader\wikireader\build\release_u\uihyperlink.obj
j:\vs2010cef\wikireader\wikireader\build\release_u\uifadebutton.obj
j:\vs2010cef\wikireader\wikireader\build\release_u\uicolorpalette.obj
j:\vs2010cef\wikireader\wikireader\build\release_u\uianimation.obj
j:\vs2010cef\wikireader\wikireader\build\release_u\uiwebbrowser.obj
j:\vs2010cef\wikireader\wikireader\build\release_u\uitreeview.obj
j:\vs2010cef\wikireader\wikireader\build\release_u\uitext.obj
j:\vs2010cef\wikireader\wikireader\build\release_u\uislider.obj
j:\vs2010cef\wikireader\wikireader\build\release_u\uiscrollbar.obj
j:\vs2010cef\wikireader\wikireader\build\release_u\uirichedit.obj
j:\vs2010cef\wikireader\wikireader\build\release_u\uiprogress.obj
j:\vs2010cef\wikireader\wikireader\build\release_u\uioption.obj
j:\vs2010cef\wikireader\wikireader\build\release_u\uilist.obj
j:\vs2010cef\wikireader\wikireader\build\release_u\uilabel.obj
j:\vs2010cef\wikireader\wikireader\build\release_u\uiflash.obj
j:\vs2010cef\wikireader\wikireader\build\release_u\uiedit.obj
j:\vs2010cef\wikireader\wikireader\build\release_u\uidatetime.obj
j:\vs2010cef\wikireader\wikireader\build\release_u\uicombobox.obj
j:\vs2010cef\wikireader\wikireader\build\release_u\uicombo.obj
j:\vs2010cef\wikireader\wikireader\build\release_u\uicheckbox.obj
j:\vs2010cef\wikireader\wikireader\build\release_u\uibutton.obj
j:\vs2010cef\wikireader\wikireader\build\release_u\uiactivex.obj
j:\vs2010cef\wikireader\wikireader\build\release_u\uiverticallayout.obj
j:\vs2010cef\wikireader\wikireader\build\release_u\uitilelayout.obj
j:\vs2010cef\wikireader\wikireader\build\release_u\xunzip.obj
j:\vs2010cef\wikireader\wikireader\build\release_u\stb_image.obj
j:\vs2010cef\wikireader\wikireader\lib\duilib_u.lib
j:\vs2010cef\wikireader\wikireader\lib\duilib_u.exp
j:\vs2010cef\wikireader\wikireader\bin\duilib_u.dll
j:\vs2010cef\wikireader\wikireader\build\release_u\duilib.pdb
j:\vs2010cef\wikireader\wikireader\build\release_u\flash11.tlh
j:\vs2010cef\wikireader\wikireader\build\release_u\duilib.tlog\cl.command.1.tlog
j:\vs2010cef\wikireader\wikireader\build\release_u\duilib.tlog\cl.read.1.tlog
j:\vs2010cef\wikireader\wikireader\build\release_u\duilib.tlog\cl.write.1.tlog
j:\vs2010cef\wikireader\wikireader\build\release_u\duilib.tlog\duilib.write.1u.tlog
j:\vs2010cef\wikireader\wikireader\build\release_u\duilib.tlog\link.command.1.tlog
j:\vs2010cef\wikireader\wikireader\build\release_u\duilib.tlog\link.read.1.tlog
j:\vs2010cef\wikireader\wikireader\build\release_u\duilib.tlog\link.write.1.tlog
