j:\vs2010cef\wikireader\wikireader\build\cefwebkitbrowser\vc140.pdb
j:\vs2010cef\wikireader\wikireader\build\cefwebkitbrowser\minidumper.obj
j:\vs2010cef\wikireader\wikireader\build\cefwebkitbrowser\entry.obj
j:\vs2010cef\wikireader\wikireader\build\cefwebkitbrowser\clientapp.obj
j:\vs2010cef\wikireader\wikireader\build\cefwebkitbrowser\cefwebkitbrowser.obj
j:\vs2010cef\wikireader\wikireader\build\cefwebkitbrowser\cefwebkit.obj
j:\vs2010cef\wikireader\wikireader\build\cefwebkitbrowser\cefv8handlerex.obj
j:\vs2010cef\wikireader\wikireader\build\cefwebkitbrowser\browserhandlers.obj
j:\vs2010cef\wikireader\wikireader\build\cefwebkitbrowser\cefwebkitbrowser.pch
j:\vs2010cef\wikireader\wikireader\build\cefwebkitbrowser\stdafx.obj
j:\vs2010cef\wikireader\wikireader\build\cefwebkitbrowser\cefwebreader.obj
j:\vs2010cef\wikireader\wikireader\bin\cefwebkitbrowser.exe
j:\vs2010cef\wikireader\wikireader\bin\cefwebkitbrowser.ipdb
j:\vs2010cef\wikireader\wikireader\bin\cefwebkitbrowser.iobj
j:\vs2010cef\wikireader\wikireader\build\cefwebkitbrowser\cefwebkitbrowser.pdb
j:\vs2010cef\wikireader\wikireader\build\cefwebkitbrowser\cefwebkitbrowser.res
j:\vs2010cef\wikireader\wikireader\build\cefwebkitbrowser\flash11.tlh
j:\vs2010cef\wikireader\wikireader\build\cefwebkitbrowser\cefwebkitbrowser.tlog\cl.command.1.tlog
j:\vs2010cef\wikireader\wikireader\build\cefwebkitbrowser\cefwebkitbrowser.tlog\cl.read.1.tlog
j:\vs2010cef\wikireader\wikireader\build\cefwebkitbrowser\cefwebkitbrowser.tlog\cl.write.1.tlog
j:\vs2010cef\wikireader\wikireader\build\cefwebkitbrowser\cefwebkitbrowser.tlog\link.command.1.tlog
j:\vs2010cef\wikireader\wikireader\build\cefwebkitbrowser\cefwebkitbrowser.tlog\link.read.1.tlog
j:\vs2010cef\wikireader\wikireader\build\cefwebkitbrowser\cefwebkitbrowser.tlog\link.write.1.tlog
j:\vs2010cef\wikireader\wikireader\build\cefwebkitbrowser\cefwebkitbrowser.tlog\rc.command.1.tlog
j:\vs2010cef\wikireader\wikireader\build\cefwebkitbrowser\cefwebkitbrowser.tlog\rc.read.1.tlog
j:\vs2010cef\wikireader\wikireader\build\cefwebkitbrowser\cefwebkitbrowser.tlog\rc.write.1.tlog
