j:\vs2010cef\wikireader\wikireader\build\cefwebreader\cefwebreader.pch
j:\vs2010cef\wikireader\wikireader\build\cefwebreader\vc140.pdb
j:\vs2010cef\wikireader\wikireader\build\cefwebreader\stdafx.obj
j:\vs2010cef\wikireader\wikireader\build\cefwebreader\minidumper.obj
j:\vs2010cef\wikireader\wikireader\build\cefwebreader\entry.obj
j:\vs2010cef\wikireader\wikireader\build\cefwebreader\clientapp.obj
j:\vs2010cef\wikireader\wikireader\build\cefwebreader\cefwebreader.obj
j:\vs2010cef\wikireader\wikireader\build\cefwebreader\cefwebkit.obj
j:\vs2010cef\wikireader\wikireader\build\cefwebreader\cefv8handlerex.obj
j:\vs2010cef\wikireader\wikireader\build\cefwebreader\browserhandlers.obj
j:\vs2010cef\wikireader\wikireader\bin\cefwebreader.exe
j:\vs2010cef\wikireader\wikireader\bin\cefwebreader.ipdb
j:\vs2010cef\wikireader\wikireader\bin\cefwebreader.iobj
j:\vs2010cef\wikireader\wikireader\build\cefwebreader\cefwebreader.pdb
j:\vs2010cef\wikireader\wikireader\build\cefwebreader\cefwebreader.res
j:\vs2010cef\wikireader\wikireader\build\cefwebreader\flash11.tlh
j:\vs2010cef\wikireader\wikireader\build\cefwebreader\cefwebreader.tlog\cl.command.1.tlog
j:\vs2010cef\wikireader\wikireader\build\cefwebreader\cefwebreader.tlog\cl.read.1.tlog
j:\vs2010cef\wikireader\wikireader\build\cefwebreader\cefwebreader.tlog\cl.write.1.tlog
j:\vs2010cef\wikireader\wikireader\build\cefwebreader\cefwebreader.tlog\link.command.1.tlog
j:\vs2010cef\wikireader\wikireader\build\cefwebreader\cefwebreader.tlog\link.read.1.tlog
j:\vs2010cef\wikireader\wikireader\build\cefwebreader\cefwebreader.tlog\link.write.1.tlog
j:\vs2010cef\wikireader\wikireader\build\cefwebreader\cefwebreader.tlog\rc.command.1.tlog
j:\vs2010cef\wikireader\wikireader\build\cefwebreader\cefwebreader.tlog\rc.read.1.tlog
j:\vs2010cef\wikireader\wikireader\build\cefwebreader\cefwebreader.tlog\rc.write.1.tlog
