生成启动时间为 2017/6/4 21:18:24。
     1>项目“H:\Github\WikiReader\CEFWebReader.vcxproj”在节点 2 上(Build 个目标)。
     1>C:\Program Files (x86)\MSBuild\Microsoft.Cpp\v4.0\V140\Microsoft.CppBuild.targets(367,5): warning MSB8004: Intermediate Directory does not end with a trailing slash.  This build instance will add the slash as it is required to allow proper evaluation of the Intermediate Directory.
     1>C:\Program Files (x86)\MSBuild\Microsoft.Cpp\v4.0\V140\Microsoft.CppBuild.targets(368,5): warning MSB8004: Output Directory does not end with a trailing slash.  This build instance will add the slash as it is required to allow proper evaluation of the Output Directory.
     1>ClCompile:
         D:\VisualStudio2015\VC\bin\CL.exe /c /Zi /nologo /W3 /WX- /O2 /Oi /Oy- /GL /D WIN32 /D NDEBUG /D _WINDOWS /D _UNICODE /D UNICODE /Gm- /EHsc /MT /GS /Gy /fp:precise /Zc:wchar_t /Zc:forScope /Zc:inline /Yc"stdafx.h" /Fp"H:\Github\WikiReader\Build\CEFWebReader\CEFWebReader.pch" /Fo"H:\Github\WikiReader\Build\CEFWebReader\\" /Fd"H:\Github\WikiReader\Build\CEFWebReader\vc140.pdb" /Gd /TP /analyze- /errorReport:prompt stdafx.cpp
         stdafx.cpp
     1>h:\github\wikireader\duilib\Utils/UIDelegate.h(217): warning C4251: “DuiLib::CEventSource::m_aDelegates”: class“DuiLib::TStdPtrArray<DuiLib::CDelegateBase *>”需要有 dll 接口由 class“DuiLib::CEventSource”的客户端使用
     1>h:\github\wikireader\duilib\Core/UIManager.h(49): warning C4091: “typedef ”: 没有声明变量时忽略“DuiLib::EVENTTYPE_UI”的左侧
     1>h:\github\wikireader\duilib\control\UIAnimation.h(77): warning C4251: “DuiLib::CUIAnimation::m_arAnimations”: class“DuiLib::TStdPtrArray<DuiLib::CAnimationData *>”需要有 dll 接口由 class“DuiLib::CUIAnimation”的客户端使用
     1>h:\github\wikireader\duilib\Control/UIFlash.h(12): warning C4192: 导入类型库“IServiceProvider”时自动排除“..\Utils/Flash11.tlb”
     1>h:\github\wikireader\duilib\Control/UIMediaPlayer.h(38): warning C4251: “DuiLib::CMediaPlayerUI::wmp_”: class“ATL::CComQIPtr<WMPLib::IWMPPlayer4,_GUID_6c497d62_8919_413c_82db_e935fb3ec584>”需要有 dll 接口由 class“DuiLib::CMediaPlayerUI”的客户端使用
         D:\VisualStudio2015\VC\bin\CL.exe /c /Zi /nologo /W3 /WX- /O2 /Oi /Oy- /GL /D WIN32 /D NDEBUG /D _WINDOWS /D _UNICODE /D UNICODE /Gm- /EHsc /MT /GS /Gy /fp:precise /Zc:wchar_t /Zc:forScope /Zc:inline /Fo"H:\Github\WikiReader\Build\CEFWebReader\\" /Fd"H:\Github\WikiReader\Build\CEFWebReader\vc140.pdb" /Gd /TP /analyze- /errorReport:prompt BrowserHandlers.cc CEFV8HandlerEx.cc CEFWebkit.cc CEFWebReader.cc clientapp.cc Entry.cc MiniDumper.cpp
         BrowserHandlers.cc
     1>h:\github\wikireader\duilib\Utils/UIDelegate.h(217): warning C4251: “DuiLib::CEventSource::m_aDelegates”: class“DuiLib::TStdPtrArray<DuiLib::CDelegateBase *>”需要有 dll 接口由 class“DuiLib::CEventSource”的客户端使用
     1>h:\github\wikireader\duilib\Core/UIManager.h(49): warning C4091: “typedef ”: 没有声明变量时忽略“DuiLib::EVENTTYPE_UI”的左侧
     1>h:\github\wikireader\duilib\control\UIAnimation.h(77): warning C4251: “DuiLib::CUIAnimation::m_arAnimations”: class“DuiLib::TStdPtrArray<DuiLib::CAnimationData *>”需要有 dll 接口由 class“DuiLib::CUIAnimation”的客户端使用
     1>h:\github\wikireader\duilib\Control/UIMediaPlayer.h(38): warning C4251: “DuiLib::CMediaPlayerUI::wmp_”: class“ATL::CComQIPtr<WMPLib::IWMPPlayer4,_GUID_6c497d62_8919_413c_82db_e935fb3ec584>”需要有 dll 接口由 class“DuiLib::CMediaPlayerUI”的客户端使用
         CEFV8HandlerEx.cc
     1>h:\github\wikireader\duilib\Utils/UIDelegate.h(217): warning C4251: “DuiLib::CEventSource::m_aDelegates”: class“DuiLib::TStdPtrArray<DuiLib::CDelegateBase *>”需要有 dll 接口由 class“DuiLib::CEventSource”的客户端使用
     1>h:\github\wikireader\duilib\Core/UIManager.h(49): warning C4091: “typedef ”: 没有声明变量时忽略“DuiLib::EVENTTYPE_UI”的左侧
     1>h:\github\wikireader\duilib\control\UIAnimation.h(77): warning C4251: “DuiLib::CUIAnimation::m_arAnimations”: class“DuiLib::TStdPtrArray<DuiLib::CAnimationData *>”需要有 dll 接口由 class“DuiLib::CUIAnimation”的客户端使用
     1>h:\github\wikireader\duilib\Control/UIMediaPlayer.h(38): warning C4251: “DuiLib::CMediaPlayerUI::wmp_”: class“ATL::CComQIPtr<WMPLib::IWMPPlayer4,_GUID_6c497d62_8919_413c_82db_e935fb3ec584>”需要有 dll 接口由 class“DuiLib::CMediaPlayerUI”的客户端使用
         CEFWebkit.cc
     1>h:\github\wikireader\duilib\Utils/UIDelegate.h(217): warning C4251: “DuiLib::CEventSource::m_aDelegates”: class“DuiLib::TStdPtrArray<DuiLib::CDelegateBase *>”需要有 dll 接口由 class“DuiLib::CEventSource”的客户端使用
     1>h:\github\wikireader\duilib\Core/UIManager.h(49): warning C4091: “typedef ”: 没有声明变量时忽略“DuiLib::EVENTTYPE_UI”的左侧
     1>h:\github\wikireader\duilib\control\UIAnimation.h(77): warning C4251: “DuiLib::CUIAnimation::m_arAnimations”: class“DuiLib::TStdPtrArray<DuiLib::CAnimationData *>”需要有 dll 接口由 class“DuiLib::CUIAnimation”的客户端使用
     1>h:\github\wikireader\duilib\Control/UIMediaPlayer.h(38): warning C4251: “DuiLib::CMediaPlayerUI::wmp_”: class“ATL::CComQIPtr<WMPLib::IWMPPlayer4,_GUID_6c497d62_8919_413c_82db_e935fb3ec584>”需要有 dll 接口由 class“DuiLib::CMediaPlayerUI”的客户端使用
         CEFWebReader.cc
     1>h:\github\wikireader\duilib\Utils/UIDelegate.h(217): warning C4251: “DuiLib::CEventSource::m_aDelegates”: class“DuiLib::TStdPtrArray<DuiLib::CDelegateBase *>”需要有 dll 接口由 class“DuiLib::CEventSource”的客户端使用
     1>h:\github\wikireader\duilib\Core/UIManager.h(49): warning C4091: “typedef ”: 没有声明变量时忽略“DuiLib::EVENTTYPE_UI”的左侧
     1>h:\github\wikireader\duilib\control\UIAnimation.h(77): warning C4251: “DuiLib::CUIAnimation::m_arAnimations”: class“DuiLib::TStdPtrArray<DuiLib::CAnimationData *>”需要有 dll 接口由 class“DuiLib::CUIAnimation”的客户端使用
     1>h:\github\wikireader\duilib\Control/UIMediaPlayer.h(38): warning C4251: “DuiLib::CMediaPlayerUI::wmp_”: class“ATL::CComQIPtr<WMPLib::IWMPPlayer4,_GUID_6c497d62_8919_413c_82db_e935fb3ec584>”需要有 dll 接口由 class“DuiLib::CMediaPlayerUI”的客户端使用
         clientapp.cc
     1>h:\github\wikireader\duilib\Utils/UIDelegate.h(217): warning C4251: “DuiLib::CEventSource::m_aDelegates”: class“DuiLib::TStdPtrArray<DuiLib::CDelegateBase *>”需要有 dll 接口由 class“DuiLib::CEventSource”的客户端使用
     1>h:\github\wikireader\duilib\Core/UIManager.h(49): warning C4091: “typedef ”: 没有声明变量时忽略“DuiLib::EVENTTYPE_UI”的左侧
     1>h:\github\wikireader\duilib\control\UIAnimation.h(77): warning C4251: “DuiLib::CUIAnimation::m_arAnimations”: class“DuiLib::TStdPtrArray<DuiLib::CAnimationData *>”需要有 dll 接口由 class“DuiLib::CUIAnimation”的客户端使用
     1>h:\github\wikireader\duilib\Control/UIMediaPlayer.h(38): warning C4251: “DuiLib::CMediaPlayerUI::wmp_”: class“ATL::CComQIPtr<WMPLib::IWMPPlayer4,_GUID_6c497d62_8919_413c_82db_e935fb3ec584>”需要有 dll 接口由 class“DuiLib::CMediaPlayerUI”的客户端使用
         Entry.cc
     1>h:\github\wikireader\duilib\Utils/UIDelegate.h(217): warning C4251: “DuiLib::CEventSource::m_aDelegates”: class“DuiLib::TStdPtrArray<DuiLib::CDelegateBase *>”需要有 dll 接口由 class“DuiLib::CEventSource”的客户端使用
     1>h:\github\wikireader\duilib\Core/UIManager.h(49): warning C4091: “typedef ”: 没有声明变量时忽略“DuiLib::EVENTTYPE_UI”的左侧
     1>h:\github\wikireader\duilib\control\UIAnimation.h(77): warning C4251: “DuiLib::CUIAnimation::m_arAnimations”: class“DuiLib::TStdPtrArray<DuiLib::CAnimationData *>”需要有 dll 接口由 class“DuiLib::CUIAnimation”的客户端使用
     1>h:\github\wikireader\duilib\Control/UIMediaPlayer.h(38): warning C4251: “DuiLib::CMediaPlayerUI::wmp_”: class“ATL::CComQIPtr<WMPLib::IWMPPlayer4,_GUID_6c497d62_8919_413c_82db_e935fb3ec584>”需要有 dll 接口由 class“DuiLib::CMediaPlayerUI”的客户端使用
         MiniDumper.cpp
     1>h:\github\wikireader\duilib\Utils/UIDelegate.h(217): warning C4251: “DuiLib::CEventSource::m_aDelegates”: class“DuiLib::TStdPtrArray<DuiLib::CDelegateBase *>”需要有 dll 接口由 class“DuiLib::CEventSource”的客户端使用
     1>h:\github\wikireader\duilib\Core/UIManager.h(49): warning C4091: “typedef ”: 没有声明变量时忽略“DuiLib::EVENTTYPE_UI”的左侧
     1>h:\github\wikireader\duilib\control\UIAnimation.h(77): warning C4251: “DuiLib::CUIAnimation::m_arAnimations”: class“DuiLib::TStdPtrArray<DuiLib::CAnimationData *>”需要有 dll 接口由 class“DuiLib::CUIAnimation”的客户端使用
     1>h:\github\wikireader\duilib\Control/UIMediaPlayer.h(38): warning C4251: “DuiLib::CMediaPlayerUI::wmp_”: class“ATL::CComQIPtr<WMPLib::IWMPPlayer4,_GUID_6c497d62_8919_413c_82db_e935fb3ec584>”需要有 dll 接口由 class“DuiLib::CMediaPlayerUI”的客户端使用
     1>C:\Program Files (x86)\Windows Kits\8.1\Include\um\dbghelp.h(1544): warning C4091: “typedef ”: 没有声明变量时忽略“”的左侧
     1>C:\Program Files (x86)\Windows Kits\8.1\Include\um\dbghelp.h(3190): warning C4091: “typedef ”: 没有声明变量时忽略“”的左侧
       ResourceCompile:
         C:\Program Files (x86)\Windows Kits\8.1\bin\x86\rc.exe /D _UNICODE /D UNICODE /l"0x0409" /nologo /fo"H:\Github\WikiReader\Build\CEFWebReader\CEFWebReader.res" CEFWebReader.rc 
     1>C:\Program Files (x86)\MSBuild\Microsoft.Cpp\v4.0\V140\Microsoft.CppBuild.targets(1189,5): warning MSB8012: TargetPath(H:\Github\WikiReader\Build\CEFWebReader\CEFWebReader.exe) does not match the Linker's OutputFile property value (H:\Github\WikiReader\bin\CEFWebReader.exe). This may cause your project to build incorrectly. To correct this, please make sure that $(OutDir), $(TargetName) and $(TargetExt) property values match the value specified in %(Link.OutputFile).
       Link:
         D:\VisualStudio2015\VC\bin\link.exe /ERRORREPORT:PROMPT /OUT:"H:\Github\WikiReader\bin\CEFWebReader.exe" /INCREMENTAL:NO /NOLOGO libcef.lib libcef_dll_wrapper.lib kernel32.lib user32.lib gdi32.lib winspool.lib comdlg32.lib advapi32.lib shell32.lib ole32.lib oleaut32.lib uuid.lib odbc32.lib odbccp32.lib /MANIFEST /MANIFESTUAC:"level='asInvoker' uiAccess='false'" /manifest:embed /Debug /PDB:"H:\Github\WikiReader\Build\CEFWebReader\CEFWebReader.pdb" /SUBSYSTEM:WINDOWS /OPT:REF /OPT:ICF /LTCG:incremental /TLBID:1 /DYNAMICBASE /NXCOMPAT /IMPLIB:"H:\Github\WikiReader\Build\CEFWebReader\CEFWebReader.lib" /MACHINE:X86 /SAFESEH H:\Github\WikiReader\Build\CEFWebReader\CEFWebReader.res
         H:\Github\WikiReader\Build\CEFWebReader\BrowserHandlers.obj
         H:\Github\WikiReader\Build\CEFWebReader\CEFV8HandlerEx.obj
         H:\Github\WikiReader\Build\CEFWebReader\CEFWebkit.obj
         H:\Github\WikiReader\Build\CEFWebReader\CEFWebReader.obj
         H:\Github\WikiReader\Build\CEFWebReader\clientapp.obj
         H:\Github\WikiReader\Build\CEFWebReader\Entry.obj
         H:\Github\WikiReader\Build\CEFWebReader\MiniDumper.obj
         H:\Github\WikiReader\Build\CEFWebReader\stdafx.obj
         H:\Github\WikiReader\Lib\DuiLib_u.lib
         正在生成代码
         All 1290 functions were compiled because no usable IPDB/IOBJ from previous compilation was found.
         已完成代码的生成
     1>libcef_dll_wrapper.lib(transfer_util.obj) : warning LNK4099: 未找到 PDB“libcef_dll_wrapper.pdb”(使用“libcef_dll_wrapper.lib(transfer_util.obj)”或在“H:\Github\WikiReader\Build\CEFWebReader\libcef_dll_wrapper.pdb”中寻找)；正在链接对象，如同没有调试信息一样
     1>libcef_dll_wrapper.lib(cef_callback_internal.obj) : warning LNK4099: 未找到 PDB“libcef_dll_wrapper.pdb”(使用“libcef_dll_wrapper.lib(cef_callback_internal.obj)”或在“H:\Github\WikiReader\Build\CEFWebReader\libcef_dll_wrapper.pdb”中寻找)；正在链接对象，如同没有调试信息一样
     1>libcef_dll_wrapper.lib(cef_lock_impl.obj) : warning LNK4099: 未找到 PDB“libcef_dll_wrapper.pdb”(使用“libcef_dll_wrapper.lib(cef_lock_impl.obj)”或在“H:\Github\WikiReader\Build\CEFWebReader\libcef_dll_wrapper.pdb”中寻找)；正在链接对象，如同没有调试信息一样
     1>libcef_dll_wrapper.lib(cef_logging.obj) : warning LNK4099: 未找到 PDB“libcef_dll_wrapper.pdb”(使用“libcef_dll_wrapper.lib(cef_logging.obj)”或在“H:\Github\WikiReader\Build\CEFWebReader\libcef_dll_wrapper.pdb”中寻找)；正在链接对象，如同没有调试信息一样
     1>libcef_dll_wrapper.lib(app_cpptoc.obj) : warning LNK4099: 未找到 PDB“libcef_dll_wrapper.pdb”(使用“libcef_dll_wrapper.lib(app_cpptoc.obj)”或在“H:\Github\WikiReader\Build\CEFWebReader\libcef_dll_wrapper.pdb”中寻找)；正在链接对象，如同没有调试信息一样
     1>libcef_dll_wrapper.lib(base_cpptoc.obj) : warning LNK4099: 未找到 PDB“libcef_dll_wrapper.pdb”(使用“libcef_dll_wrapper.lib(base_cpptoc.obj)”或在“H:\Github\WikiReader\Build\CEFWebReader\libcef_dll_wrapper.pdb”中寻找)；正在链接对象，如同没有调试信息一样
     1>libcef_dll_wrapper.lib(browser_process_handler_cpptoc.obj) : warning LNK4099: 未找到 PDB“libcef_dll_wrapper.pdb”(使用“libcef_dll_wrapper.lib(browser_process_handler_cpptoc.obj)”或在“H:\Github\WikiReader\Build\CEFWebReader\libcef_dll_wrapper.pdb”中寻找)；正在链接对象，如同没有调试信息一样
     1>libcef_dll_wrapper.lib(client_cpptoc.obj) : warning LNK4099: 未找到 PDB“libcef_dll_wrapper.pdb”(使用“libcef_dll_wrapper.lib(client_cpptoc.obj)”或在“H:\Github\WikiReader\Build\CEFWebReader\libcef_dll_wrapper.pdb”中寻找)；正在链接对象，如同没有调试信息一样
     1>libcef_dll_wrapper.lib(completion_callback_cpptoc.obj) : warning LNK4099: 未找到 PDB“libcef_dll_wrapper.pdb”(使用“libcef_dll_wrapper.lib(completion_callback_cpptoc.obj)”或在“H:\Github\WikiReader\Build\CEFWebReader\libcef_dll_wrapper.pdb”中寻找)；正在链接对象，如同没有调试信息一样
     1>libcef_dll_wrapper.lib(context_menu_handler_cpptoc.obj) : warning LNK4099: 未找到 PDB“libcef_dll_wrapper.pdb”(使用“libcef_dll_wrapper.lib(context_menu_handler_cpptoc.obj)”或在“H:\Github\WikiReader\Build\CEFWebReader\libcef_dll_wrapper.pdb”中寻找)；正在链接对象，如同没有调试信息一样
     1>libcef_dll_wrapper.lib(cookie_visitor_cpptoc.obj) : warning LNK4099: 未找到 PDB“libcef_dll_wrapper.pdb”(使用“libcef_dll_wrapper.lib(cookie_visitor_cpptoc.obj)”或在“H:\Github\WikiReader\Build\CEFWebReader\libcef_dll_wrapper.pdb”中寻找)；正在链接对象，如同没有调试信息一样
     1>libcef_dll_wrapper.lib(delete_cookies_callback_cpptoc.obj) : warning LNK4099: 未找到 PDB“libcef_dll_wrapper.pdb”(使用“libcef_dll_wrapper.lib(delete_cookies_callback_cpptoc.obj)”或在“H:\Github\WikiReader\Build\CEFWebReader\libcef_dll_wrapper.pdb”中寻找)；正在链接对象，如同没有调试信息一样
     1>libcef_dll_wrapper.lib(dialog_handler_cpptoc.obj) : warning LNK4099: 未找到 PDB“libcef_dll_wrapper.pdb”(使用“libcef_dll_wrapper.lib(dialog_handler_cpptoc.obj)”或在“H:\Github\WikiReader\Build\CEFWebReader\libcef_dll_wrapper.pdb”中寻找)；正在链接对象，如同没有调试信息一样
     1>libcef_dll_wrapper.lib(display_handler_cpptoc.obj) : warning LNK4099: 未找到 PDB“libcef_dll_wrapper.pdb”(使用“libcef_dll_wrapper.lib(display_handler_cpptoc.obj)”或在“H:\Github\WikiReader\Build\CEFWebReader\libcef_dll_wrapper.pdb”中寻找)；正在链接对象，如同没有调试信息一样
     1>libcef_dll_wrapper.lib(domvisitor_cpptoc.obj) : warning LNK4099: 未找到 PDB“libcef_dll_wrapper.pdb”(使用“libcef_dll_wrapper.lib(domvisitor_cpptoc.obj)”或在“H:\Github\WikiReader\Build\CEFWebReader\libcef_dll_wrapper.pdb”中寻找)；正在链接对象，如同没有调试信息一样
     1>libcef_dll_wrapper.lib(download_handler_cpptoc.obj) : warning LNK4099: 未找到 PDB“libcef_dll_wrapper.pdb”(使用“libcef_dll_wrapper.lib(download_handler_cpptoc.obj)”或在“H:\Github\WikiReader\Build\CEFWebReader\libcef_dll_wrapper.pdb”中寻找)；正在链接对象，如同没有调试信息一样
     1>libcef_dll_wrapper.lib(download_image_callback_cpptoc.obj) : warning LNK4099: 未找到 PDB“libcef_dll_wrapper.pdb”(使用“libcef_dll_wrapper.lib(download_image_callback_cpptoc.obj)”或在“H:\Github\WikiReader\Build\CEFWebReader\libcef_dll_wrapper.pdb”中寻找)；正在链接对象，如同没有调试信息一样
     1>libcef_dll_wrapper.lib(drag_handler_cpptoc.obj) : warning LNK4099: 未找到 PDB“libcef_dll_wrapper.pdb”(使用“libcef_dll_wrapper.lib(drag_handler_cpptoc.obj)”或在“H:\Github\WikiReader\Build\CEFWebReader\libcef_dll_wrapper.pdb”中寻找)；正在链接对象，如同没有调试信息一样
     1>libcef_dll_wrapper.lib(end_tracing_callback_cpptoc.obj) : warning LNK4099: 未找到 PDB“libcef_dll_wrapper.pdb”(使用“libcef_dll_wrapper.lib(end_tracing_callback_cpptoc.obj)”或在“H:\Github\WikiReader\Build\CEFWebReader\libcef_dll_wrapper.pdb”中寻找)；正在链接对象，如同没有调试信息一样
     1>libcef_dll_wrapper.lib(find_handler_cpptoc.obj) : warning LNK4099: 未找到 PDB“libcef_dll_wrapper.pdb”(使用“libcef_dll_wrapper.lib(find_handler_cpptoc.obj)”或在“H:\Github\WikiReader\Build\CEFWebReader\libcef_dll_wrapper.pdb”中寻找)；正在链接对象，如同没有调试信息一样
     1>libcef_dll_wrapper.lib(focus_handler_cpptoc.obj) : warning LNK4099: 未找到 PDB“libcef_dll_wrapper.pdb”(使用“libcef_dll_wrapper.lib(focus_handler_cpptoc.obj)”或在“H:\Github\WikiReader\Build\CEFWebReader\libcef_dll_wrapper.pdb”中寻找)；正在链接对象，如同没有调试信息一样
     1>libcef_dll_wrapper.lib(geolocation_handler_cpptoc.obj) : warning LNK4099: 未找到 PDB“libcef_dll_wrapper.pdb”(使用“libcef_dll_wrapper.lib(geolocation_handler_cpptoc.obj)”或在“H:\Github\WikiReader\Build\CEFWebReader\libcef_dll_wrapper.pdb”中寻找)；正在链接对象，如同没有调试信息一样
     1>libcef_dll_wrapper.lib(get_geolocation_callback_cpptoc.obj) : warning LNK4099: 未找到 PDB“libcef_dll_wrapper.pdb”(使用“libcef_dll_wrapper.lib(get_geolocation_callback_cpptoc.obj)”或在“H:\Github\WikiReader\Build\CEFWebReader\libcef_dll_wrapper.pdb”中寻找)；正在链接对象，如同没有调试信息一样
     1>libcef_dll_wrapper.lib(jsdialog_handler_cpptoc.obj) : warning LNK4099: 未找到 PDB“libcef_dll_wrapper.pdb”(使用“libcef_dll_wrapper.lib(jsdialog_handler_cpptoc.obj)”或在“H:\Github\WikiReader\Build\CEFWebReader\libcef_dll_wrapper.pdb”中寻找)；正在链接对象，如同没有调试信息一样
     1>libcef_dll_wrapper.lib(keyboard_handler_cpptoc.obj) : warning LNK4099: 未找到 PDB“libcef_dll_wrapper.pdb”(使用“libcef_dll_wrapper.lib(keyboard_handler_cpptoc.obj)”或在“H:\Github\WikiReader\Build\CEFWebReader\libcef_dll_wrapper.pdb”中寻找)；正在链接对象，如同没有调试信息一样
     1>libcef_dll_wrapper.lib(life_span_handler_cpptoc.obj) : warning LNK4099: 未找到 PDB“libcef_dll_wrapper.pdb”(使用“libcef_dll_wrapper.lib(life_span_handler_cpptoc.obj)”或在“H:\Github\WikiReader\Build\CEFWebReader\libcef_dll_wrapper.pdb”中寻找)；正在链接对象，如同没有调试信息一样
     1>libcef_dll_wrapper.lib(load_handler_cpptoc.obj) : warning LNK4099: 未找到 PDB“libcef_dll_wrapper.pdb”(使用“libcef_dll_wrapper.lib(load_handler_cpptoc.obj)”或在“H:\Github\WikiReader\Build\CEFWebReader\libcef_dll_wrapper.pdb”中寻找)；正在链接对象，如同没有调试信息一样
     1>libcef_dll_wrapper.lib(menu_model_delegate_cpptoc.obj) : warning LNK4099: 未找到 PDB“libcef_dll_wrapper.pdb”(使用“libcef_dll_wrapper.lib(menu_model_delegate_cpptoc.obj)”或在“H:\Github\WikiReader\Build\CEFWebReader\libcef_dll_wrapper.pdb”中寻找)；正在链接对象，如同没有调试信息一样
     1>libcef_dll_wrapper.lib(navigation_entry_visitor_cpptoc.obj) : warning LNK4099: 未找到 PDB“libcef_dll_wrapper.pdb”(使用“libcef_dll_wrapper.lib(navigation_entry_visitor_cpptoc.obj)”或在“H:\Github\WikiReader\Build\CEFWebReader\libcef_dll_wrapper.pdb”中寻找)；正在链接对象，如同没有调试信息一样
     1>libcef_dll_wrapper.lib(pdf_print_callback_cpptoc.obj) : warning LNK4099: 未找到 PDB“libcef_dll_wrapper.pdb”(使用“libcef_dll_wrapper.lib(pdf_print_callback_cpptoc.obj)”或在“H:\Github\WikiReader\Build\CEFWebReader\libcef_dll_wrapper.pdb”中寻找)；正在链接对象，如同没有调试信息一样
     1>libcef_dll_wrapper.lib(print_handler_cpptoc.obj) : warning LNK4099: 未找到 PDB“libcef_dll_wrapper.pdb”(使用“libcef_dll_wrapper.lib(print_handler_cpptoc.obj)”或在“H:\Github\WikiReader\Build\CEFWebReader\libcef_dll_wrapper.pdb”中寻找)；正在链接对象，如同没有调试信息一样
     1>libcef_dll_wrapper.lib(render_handler_cpptoc.obj) : warning LNK4099: 未找到 PDB“libcef_dll_wrapper.pdb”(使用“libcef_dll_wrapper.lib(render_handler_cpptoc.obj)”或在“H:\Github\WikiReader\Build\CEFWebReader\libcef_dll_wrapper.pdb”中寻找)；正在链接对象，如同没有调试信息一样
     1>libcef_dll_wrapper.lib(render_process_handler_cpptoc.obj) : warning LNK4099: 未找到 PDB“libcef_dll_wrapper.pdb”(使用“libcef_dll_wrapper.lib(render_process_handler_cpptoc.obj)”或在“H:\Github\WikiReader\Build\CEFWebReader\libcef_dll_wrapper.pdb”中寻找)；正在链接对象，如同没有调试信息一样
     1>libcef_dll_wrapper.lib(request_context_handler_cpptoc.obj) : warning LNK4099: 未找到 PDB“libcef_dll_wrapper.pdb”(使用“libcef_dll_wrapper.lib(request_context_handler_cpptoc.obj)”或在“H:\Github\WikiReader\Build\CEFWebReader\libcef_dll_wrapper.pdb”中寻找)；正在链接对象，如同没有调试信息一样
     1>libcef_dll_wrapper.lib(request_handler_cpptoc.obj) : warning LNK4099: 未找到 PDB“libcef_dll_wrapper.pdb”(使用“libcef_dll_wrapper.lib(request_handler_cpptoc.obj)”或在“H:\Github\WikiReader\Build\CEFWebReader\libcef_dll_wrapper.pdb”中寻找)；正在链接对象，如同没有调试信息一样
     1>libcef_dll_wrapper.lib(resolve_callback_cpptoc.obj) : warning LNK4099: 未找到 PDB“libcef_dll_wrapper.pdb”(使用“libcef_dll_wrapper.lib(resolve_callback_cpptoc.obj)”或在“H:\Github\WikiReader\Build\CEFWebReader\libcef_dll_wrapper.pdb”中寻找)；正在链接对象，如同没有调试信息一样
     1>libcef_dll_wrapper.lib(resource_bundle_handler_cpptoc.obj) : warning LNK4099: 未找到 PDB“libcef_dll_wrapper.pdb”(使用“libcef_dll_wrapper.lib(resource_bundle_handler_cpptoc.obj)”或在“H:\Github\WikiReader\Build\CEFWebReader\libcef_dll_wrapper.pdb”中寻找)；正在链接对象，如同没有调试信息一样
     1>libcef_dll_wrapper.lib(resource_handler_cpptoc.obj) : warning LNK4099: 未找到 PDB“libcef_dll_wrapper.pdb”(使用“libcef_dll_wrapper.lib(resource_handler_cpptoc.obj)”或在“H:\Github\WikiReader\Build\CEFWebReader\libcef_dll_wrapper.pdb”中寻找)；正在链接对象，如同没有调试信息一样
     1>libcef_dll_wrapper.lib(response_filter_cpptoc.obj) : warning LNK4099: 未找到 PDB“libcef_dll_wrapper.pdb”(使用“libcef_dll_wrapper.lib(response_filter_cpptoc.obj)”或在“H:\Github\WikiReader\Build\CEFWebReader\libcef_dll_wrapper.pdb”中寻找)；正在链接对象，如同没有调试信息一样
     1>libcef_dll_wrapper.lib(run_file_dialog_callback_cpptoc.obj) : warning LNK4099: 未找到 PDB“libcef_dll_wrapper.pdb”(使用“libcef_dll_wrapper.lib(run_file_dialog_callback_cpptoc.obj)”或在“H:\Github\WikiReader\Build\CEFWebReader\libcef_dll_wrapper.pdb”中寻找)；正在链接对象，如同没有调试信息一样
     1>libcef_dll_wrapper.lib(scheme_handler_factory_cpptoc.obj) : warning LNK4099: 未找到 PDB“libcef_dll_wrapper.pdb”(使用“libcef_dll_wrapper.lib(scheme_handler_factory_cpptoc.obj)”或在“H:\Github\WikiReader\Build\CEFWebReader\libcef_dll_wrapper.pdb”中寻找)；正在链接对象，如同没有调试信息一样
     1>libcef_dll_wrapper.lib(set_cookie_callback_cpptoc.obj) : warning LNK4099: 未找到 PDB“libcef_dll_wrapper.pdb”(使用“libcef_dll_wrapper.lib(set_cookie_callback_cpptoc.obj)”或在“H:\Github\WikiReader\Build\CEFWebReader\libcef_dll_wrapper.pdb”中寻找)；正在链接对象，如同没有调试信息一样
     1>libcef_dll_wrapper.lib(string_visitor_cpptoc.obj) : warning LNK4099: 未找到 PDB“libcef_dll_wrapper.pdb”(使用“libcef_dll_wrapper.lib(string_visitor_cpptoc.obj)”或在“H:\Github\WikiReader\Build\CEFWebReader\libcef_dll_wrapper.pdb”中寻找)；正在链接对象，如同没有调试信息一样
     1>libcef_dll_wrapper.lib(task_cpptoc.obj) : warning LNK4099: 未找到 PDB“libcef_dll_wrapper.pdb”(使用“libcef_dll_wrapper.lib(task_cpptoc.obj)”或在“H:\Github\WikiReader\Build\CEFWebReader\libcef_dll_wrapper.pdb”中寻找)；正在链接对象，如同没有调试信息一样
     1>libcef_dll_wrapper.lib(v8accessor_cpptoc.obj) : warning LNK4099: 未找到 PDB“libcef_dll_wrapper.pdb”(使用“libcef_dll_wrapper.lib(v8accessor_cpptoc.obj)”或在“H:\Github\WikiReader\Build\CEFWebReader\libcef_dll_wrapper.pdb”中寻找)；正在链接对象，如同没有调试信息一样
     1>libcef_dll_wrapper.lib(v8handler_cpptoc.obj) : warning LNK4099: 未找到 PDB“libcef_dll_wrapper.pdb”(使用“libcef_dll_wrapper.lib(v8handler_cpptoc.obj)”或在“H:\Github\WikiReader\Build\CEFWebReader\libcef_dll_wrapper.pdb”中寻找)；正在链接对象，如同没有调试信息一样
     1>libcef_dll_wrapper.lib(web_plugin_info_visitor_cpptoc.obj) : warning LNK4099: 未找到 PDB“libcef_dll_wrapper.pdb”(使用“libcef_dll_wrapper.lib(web_plugin_info_visitor_cpptoc.obj)”或在“H:\Github\WikiReader\Build\CEFWebReader\libcef_dll_wrapper.pdb”中寻找)；正在链接对象，如同没有调试信息一样
     1>libcef_dll_wrapper.lib(web_plugin_unstable_callback_cpptoc.obj) : warning LNK4099: 未找到 PDB“libcef_dll_wrapper.pdb”(使用“libcef_dll_wrapper.lib(web_plugin_unstable_callback_cpptoc.obj)”或在“H:\Github\WikiReader\Build\CEFWebReader\libcef_dll_wrapper.pdb”中寻找)；正在链接对象，如同没有调试信息一样
     1>libcef_dll_wrapper.lib(write_handler_cpptoc.obj) : warning LNK4099: 未找到 PDB“libcef_dll_wrapper.pdb”(使用“libcef_dll_wrapper.lib(write_handler_cpptoc.obj)”或在“H:\Github\WikiReader\Build\CEFWebReader\libcef_dll_wrapper.pdb”中寻找)；正在链接对象，如同没有调试信息一样
     1>libcef_dll_wrapper.lib(auth_callback_ctocpp.obj) : warning LNK4099: 未找到 PDB“libcef_dll_wrapper.pdb”(使用“libcef_dll_wrapper.lib(auth_callback_ctocpp.obj)”或在“H:\Github\WikiReader\Build\CEFWebReader\libcef_dll_wrapper.pdb”中寻找)；正在链接对象，如同没有调试信息一样
     1>libcef_dll_wrapper.lib(before_download_callback_ctocpp.obj) : warning LNK4099: 未找到 PDB“libcef_dll_wrapper.pdb”(使用“libcef_dll_wrapper.lib(before_download_callback_ctocpp.obj)”或在“H:\Github\WikiReader\Build\CEFWebReader\libcef_dll_wrapper.pdb”中寻找)；正在链接对象，如同没有调试信息一样
     1>libcef_dll_wrapper.lib(binary_value_ctocpp.obj) : warning LNK4099: 未找到 PDB“libcef_dll_wrapper.pdb”(使用“libcef_dll_wrapper.lib(binary_value_ctocpp.obj)”或在“H:\Github\WikiReader\Build\CEFWebReader\libcef_dll_wrapper.pdb”中寻找)；正在链接对象，如同没有调试信息一样
     1>libcef_dll_wrapper.lib(browser_ctocpp.obj) : warning LNK4099: 未找到 PDB“libcef_dll_wrapper.pdb”(使用“libcef_dll_wrapper.lib(browser_ctocpp.obj)”或在“H:\Github\WikiReader\Build\CEFWebReader\libcef_dll_wrapper.pdb”中寻找)；正在链接对象，如同没有调试信息一样
     1>libcef_dll_wrapper.lib(browser_host_ctocpp.obj) : warning LNK4099: 未找到 PDB“libcef_dll_wrapper.pdb”(使用“libcef_dll_wrapper.lib(browser_host_ctocpp.obj)”或在“H:\Github\WikiReader\Build\CEFWebReader\libcef_dll_wrapper.pdb”中寻找)；正在链接对象，如同没有调试信息一样
     1>libcef_dll_wrapper.lib(callback_ctocpp.obj) : warning LNK4099: 未找到 PDB“libcef_dll_wrapper.pdb”(使用“libcef_dll_wrapper.lib(callback_ctocpp.obj)”或在“H:\Github\WikiReader\Build\CEFWebReader\libcef_dll_wrapper.pdb”中寻找)；正在链接对象，如同没有调试信息一样
     1>libcef_dll_wrapper.lib(command_line_ctocpp.obj) : warning LNK4099: 未找到 PDB“libcef_dll_wrapper.pdb”(使用“libcef_dll_wrapper.lib(command_line_ctocpp.obj)”或在“H:\Github\WikiReader\Build\CEFWebReader\libcef_dll_wrapper.pdb”中寻找)；正在链接对象，如同没有调试信息一样
     1>libcef_dll_wrapper.lib(context_menu_params_ctocpp.obj) : warning LNK4099: 未找到 PDB“libcef_dll_wrapper.pdb”(使用“libcef_dll_wrapper.lib(context_menu_params_ctocpp.obj)”或在“H:\Github\WikiReader\Build\CEFWebReader\libcef_dll_wrapper.pdb”中寻找)；正在链接对象，如同没有调试信息一样
     1>libcef_dll_wrapper.lib(cookie_manager_ctocpp.obj) : warning LNK4099: 未找到 PDB“libcef_dll_wrapper.pdb”(使用“libcef_dll_wrapper.lib(cookie_manager_ctocpp.obj)”或在“H:\Github\WikiReader\Build\CEFWebReader\libcef_dll_wrapper.pdb”中寻找)；正在链接对象，如同没有调试信息一样
     1>libcef_dll_wrapper.lib(dictionary_value_ctocpp.obj) : warning LNK4099: 未找到 PDB“libcef_dll_wrapper.pdb”(使用“libcef_dll_wrapper.lib(dictionary_value_ctocpp.obj)”或在“H:\Github\WikiReader\Build\CEFWebReader\libcef_dll_wrapper.pdb”中寻找)；正在链接对象，如同没有调试信息一样
     1>libcef_dll_wrapper.lib(domdocument_ctocpp.obj) : warning LNK4099: 未找到 PDB“libcef_dll_wrapper.pdb”(使用“libcef_dll_wrapper.lib(domdocument_ctocpp.obj)”或在“H:\Github\WikiReader\Build\CEFWebReader\libcef_dll_wrapper.pdb”中寻找)；正在链接对象，如同没有调试信息一样
     1>libcef_dll_wrapper.lib(domnode_ctocpp.obj) : warning LNK4099: 未找到 PDB“libcef_dll_wrapper.pdb”(使用“libcef_dll_wrapper.lib(domnode_ctocpp.obj)”或在“H:\Github\WikiReader\Build\CEFWebReader\libcef_dll_wrapper.pdb”中寻找)；正在链接对象，如同没有调试信息一样
     1>libcef_dll_wrapper.lib(download_item_callback_ctocpp.obj) : warning LNK4099: 未找到 PDB“libcef_dll_wrapper.pdb”(使用“libcef_dll_wrapper.lib(download_item_callback_ctocpp.obj)”或在“H:\Github\WikiReader\Build\CEFWebReader\libcef_dll_wrapper.pdb”中寻找)；正在链接对象，如同没有调试信息一样
     1>libcef_dll_wrapper.lib(download_item_ctocpp.obj) : warning LNK4099: 未找到 PDB“libcef_dll_wrapper.pdb”(使用“libcef_dll_wrapper.lib(download_item_ctocpp.obj)”或在“H:\Github\WikiReader\Build\CEFWebReader\libcef_dll_wrapper.pdb”中寻找)；正在链接对象，如同没有调试信息一样
     1>libcef_dll_wrapper.lib(drag_data_ctocpp.obj) : warning LNK4099: 未找到 PDB“libcef_dll_wrapper.pdb”(使用“libcef_dll_wrapper.lib(drag_data_ctocpp.obj)”或在“H:\Github\WikiReader\Build\CEFWebReader\libcef_dll_wrapper.pdb”中寻找)；正在链接对象，如同没有调试信息一样
     1>libcef_dll_wrapper.lib(file_dialog_callback_ctocpp.obj) : warning LNK4099: 未找到 PDB“libcef_dll_wrapper.pdb”(使用“libcef_dll_wrapper.lib(file_dialog_callback_ctocpp.obj)”或在“H:\Github\WikiReader\Build\CEFWebReader\libcef_dll_wrapper.pdb”中寻找)；正在链接对象，如同没有调试信息一样
     1>libcef_dll_wrapper.lib(frame_ctocpp.obj) : warning LNK4099: 未找到 PDB“libcef_dll_wrapper.pdb”(使用“libcef_dll_wrapper.lib(frame_ctocpp.obj)”或在“H:\Github\WikiReader\Build\CEFWebReader\libcef_dll_wrapper.pdb”中寻找)；正在链接对象，如同没有调试信息一样
     1>libcef_dll_wrapper.lib(geolocation_callback_ctocpp.obj) : warning LNK4099: 未找到 PDB“libcef_dll_wrapper.pdb”(使用“libcef_dll_wrapper.lib(geolocation_callback_ctocpp.obj)”或在“H:\Github\WikiReader\Build\CEFWebReader\libcef_dll_wrapper.pdb”中寻找)；正在链接对象，如同没有调试信息一样
     1>libcef_dll_wrapper.lib(image_ctocpp.obj) : warning LNK4099: 未找到 PDB“libcef_dll_wrapper.pdb”(使用“libcef_dll_wrapper.lib(image_ctocpp.obj)”或在“H:\Github\WikiReader\Build\CEFWebReader\libcef_dll_wrapper.pdb”中寻找)；正在链接对象，如同没有调试信息一样
     1>libcef_dll_wrapper.lib(jsdialog_callback_ctocpp.obj) : warning LNK4099: 未找到 PDB“libcef_dll_wrapper.pdb”(使用“libcef_dll_wrapper.lib(jsdialog_callback_ctocpp.obj)”或在“H:\Github\WikiReader\Build\CEFWebReader\libcef_dll_wrapper.pdb”中寻找)；正在链接对象，如同没有调试信息一样
     1>libcef_dll_wrapper.lib(list_value_ctocpp.obj) : warning LNK4099: 未找到 PDB“libcef_dll_wrapper.pdb”(使用“libcef_dll_wrapper.lib(list_value_ctocpp.obj)”或在“H:\Github\WikiReader\Build\CEFWebReader\libcef_dll_wrapper.pdb”中寻找)；正在链接对象，如同没有调试信息一样
     1>libcef_dll_wrapper.lib(menu_model_ctocpp.obj) : warning LNK4099: 未找到 PDB“libcef_dll_wrapper.pdb”(使用“libcef_dll_wrapper.lib(menu_model_ctocpp.obj)”或在“H:\Github\WikiReader\Build\CEFWebReader\libcef_dll_wrapper.pdb”中寻找)；正在链接对象，如同没有调试信息一样
     1>libcef_dll_wrapper.lib(navigation_entry_ctocpp.obj) : warning LNK4099: 未找到 PDB“libcef_dll_wrapper.pdb”(使用“libcef_dll_wrapper.lib(navigation_entry_ctocpp.obj)”或在“H:\Github\WikiReader\Build\CEFWebReader\libcef_dll_wrapper.pdb”中寻找)；正在链接对象，如同没有调试信息一样
     1>libcef_dll_wrapper.lib(post_data_ctocpp.obj) : warning LNK4099: 未找到 PDB“libcef_dll_wrapper.pdb”(使用“libcef_dll_wrapper.lib(post_data_ctocpp.obj)”或在“H:\Github\WikiReader\Build\CEFWebReader\libcef_dll_wrapper.pdb”中寻找)；正在链接对象，如同没有调试信息一样
     1>libcef_dll_wrapper.lib(post_data_element_ctocpp.obj) : warning LNK4099: 未找到 PDB“libcef_dll_wrapper.pdb”(使用“libcef_dll_wrapper.lib(post_data_element_ctocpp.obj)”或在“H:\Github\WikiReader\Build\CEFWebReader\libcef_dll_wrapper.pdb”中寻找)；正在链接对象，如同没有调试信息一样
     1>libcef_dll_wrapper.lib(print_dialog_callback_ctocpp.obj) : warning LNK4099: 未找到 PDB“libcef_dll_wrapper.pdb”(使用“libcef_dll_wrapper.lib(print_dialog_callback_ctocpp.obj)”或在“H:\Github\WikiReader\Build\CEFWebReader\libcef_dll_wrapper.pdb”中寻找)；正在链接对象，如同没有调试信息一样
     1>libcef_dll_wrapper.lib(print_job_callback_ctocpp.obj) : warning LNK4099: 未找到 PDB“libcef_dll_wrapper.pdb”(使用“libcef_dll_wrapper.lib(print_job_callback_ctocpp.obj)”或在“H:\Github\WikiReader\Build\CEFWebReader\libcef_dll_wrapper.pdb”中寻找)；正在链接对象，如同没有调试信息一样
     1>libcef_dll_wrapper.lib(print_settings_ctocpp.obj) : warning LNK4099: 未找到 PDB“libcef_dll_wrapper.pdb”(使用“libcef_dll_wrapper.lib(print_settings_ctocpp.obj)”或在“H:\Github\WikiReader\Build\CEFWebReader\libcef_dll_wrapper.pdb”中寻找)；正在链接对象，如同没有调试信息一样
     1>libcef_dll_wrapper.lib(process_message_ctocpp.obj) : warning LNK4099: 未找到 PDB“libcef_dll_wrapper.pdb”(使用“libcef_dll_wrapper.lib(process_message_ctocpp.obj)”或在“H:\Github\WikiReader\Build\CEFWebReader\libcef_dll_wrapper.pdb”中寻找)；正在链接对象，如同没有调试信息一样
     1>libcef_dll_wrapper.lib(request_callback_ctocpp.obj) : warning LNK4099: 未找到 PDB“libcef_dll_wrapper.pdb”(使用“libcef_dll_wrapper.lib(request_callback_ctocpp.obj)”或在“H:\Github\WikiReader\Build\CEFWebReader\libcef_dll_wrapper.pdb”中寻找)；正在链接对象，如同没有调试信息一样
     1>libcef_dll_wrapper.lib(request_context_ctocpp.obj) : warning LNK4099: 未找到 PDB“libcef_dll_wrapper.pdb”(使用“libcef_dll_wrapper.lib(request_context_ctocpp.obj)”或在“H:\Github\WikiReader\Build\CEFWebReader\libcef_dll_wrapper.pdb”中寻找)；正在链接对象，如同没有调试信息一样
     1>libcef_dll_wrapper.lib(request_ctocpp.obj) : warning LNK4099: 未找到 PDB“libcef_dll_wrapper.pdb”(使用“libcef_dll_wrapper.lib(request_ctocpp.obj)”或在“H:\Github\WikiReader\Build\CEFWebReader\libcef_dll_wrapper.pdb”中寻找)；正在链接对象，如同没有调试信息一样
     1>libcef_dll_wrapper.lib(response_ctocpp.obj) : warning LNK4099: 未找到 PDB“libcef_dll_wrapper.pdb”(使用“libcef_dll_wrapper.lib(response_ctocpp.obj)”或在“H:\Github\WikiReader\Build\CEFWebReader\libcef_dll_wrapper.pdb”中寻找)；正在链接对象，如同没有调试信息一样
     1>libcef_dll_wrapper.lib(run_context_menu_callback_ctocpp.obj) : warning LNK4099: 未找到 PDB“libcef_dll_wrapper.pdb”(使用“libcef_dll_wrapper.lib(run_context_menu_callback_ctocpp.obj)”或在“H:\Github\WikiReader\Build\CEFWebReader\libcef_dll_wrapper.pdb”中寻找)；正在链接对象，如同没有调试信息一样
     1>libcef_dll_wrapper.lib(scheme_registrar_ctocpp.obj) : warning LNK4099: 未找到 PDB“libcef_dll_wrapper.pdb”(使用“libcef_dll_wrapper.lib(scheme_registrar_ctocpp.obj)”或在“H:\Github\WikiReader\Build\CEFWebReader\libcef_dll_wrapper.pdb”中寻找)；正在链接对象，如同没有调试信息一样
     1>libcef_dll_wrapper.lib(sslcert_principal_ctocpp.obj) : warning LNK4099: 未找到 PDB“libcef_dll_wrapper.pdb”(使用“libcef_dll_wrapper.lib(sslcert_principal_ctocpp.obj)”或在“H:\Github\WikiReader\Build\CEFWebReader\libcef_dll_wrapper.pdb”中寻找)；正在链接对象，如同没有调试信息一样
     1>libcef_dll_wrapper.lib(sslinfo_ctocpp.obj) : warning LNK4099: 未找到 PDB“libcef_dll_wrapper.pdb”(使用“libcef_dll_wrapper.lib(sslinfo_ctocpp.obj)”或在“H:\Github\WikiReader\Build\CEFWebReader\libcef_dll_wrapper.pdb”中寻找)；正在链接对象，如同没有调试信息一样
     1>libcef_dll_wrapper.lib(stream_writer_ctocpp.obj) : warning LNK4099: 未找到 PDB“libcef_dll_wrapper.pdb”(使用“libcef_dll_wrapper.lib(stream_writer_ctocpp.obj)”或在“H:\Github\WikiReader\Build\CEFWebReader\libcef_dll_wrapper.pdb”中寻找)；正在链接对象，如同没有调试信息一样
     1>libcef_dll_wrapper.lib(task_runner_ctocpp.obj) : warning LNK4099: 未找到 PDB“libcef_dll_wrapper.pdb”(使用“libcef_dll_wrapper.lib(task_runner_ctocpp.obj)”或在“H:\Github\WikiReader\Build\CEFWebReader\libcef_dll_wrapper.pdb”中寻找)；正在链接对象，如同没有调试信息一样
     1>libcef_dll_wrapper.lib(v8context_ctocpp.obj) : warning LNK4099: 未找到 PDB“libcef_dll_wrapper.pdb”(使用“libcef_dll_wrapper.lib(v8context_ctocpp.obj)”或在“H:\Github\WikiReader\Build\CEFWebReader\libcef_dll_wrapper.pdb”中寻找)；正在链接对象，如同没有调试信息一样
     1>libcef_dll_wrapper.lib(v8exception_ctocpp.obj) : warning LNK4099: 未找到 PDB“libcef_dll_wrapper.pdb”(使用“libcef_dll_wrapper.lib(v8exception_ctocpp.obj)”或在“H:\Github\WikiReader\Build\CEFWebReader\libcef_dll_wrapper.pdb”中寻找)；正在链接对象，如同没有调试信息一样
     1>libcef_dll_wrapper.lib(v8stack_frame_ctocpp.obj) : warning LNK4099: 未找到 PDB“libcef_dll_wrapper.pdb”(使用“libcef_dll_wrapper.lib(v8stack_frame_ctocpp.obj)”或在“H:\Github\WikiReader\Build\CEFWebReader\libcef_dll_wrapper.pdb”中寻找)；正在链接对象，如同没有调试信息一样
     1>libcef_dll_wrapper.lib(v8stack_trace_ctocpp.obj) : warning LNK4099: 未找到 PDB“libcef_dll_wrapper.pdb”(使用“libcef_dll_wrapper.lib(v8stack_trace_ctocpp.obj)”或在“H:\Github\WikiReader\Build\CEFWebReader\libcef_dll_wrapper.pdb”中寻找)；正在链接对象，如同没有调试信息一样
     1>libcef_dll_wrapper.lib(v8value_ctocpp.obj) : warning LNK4099: 未找到 PDB“libcef_dll_wrapper.pdb”(使用“libcef_dll_wrapper.lib(v8value_ctocpp.obj)”或在“H:\Github\WikiReader\Build\CEFWebReader\libcef_dll_wrapper.pdb”中寻找)；正在链接对象，如同没有调试信息一样
     1>libcef_dll_wrapper.lib(value_ctocpp.obj) : warning LNK4099: 未找到 PDB“libcef_dll_wrapper.pdb”(使用“libcef_dll_wrapper.lib(value_ctocpp.obj)”或在“H:\Github\WikiReader\Build\CEFWebReader\libcef_dll_wrapper.pdb”中寻找)；正在链接对象，如同没有调试信息一样
     1>libcef_dll_wrapper.lib(web_plugin_info_ctocpp.obj) : warning LNK4099: 未找到 PDB“libcef_dll_wrapper.pdb”(使用“libcef_dll_wrapper.lib(web_plugin_info_ctocpp.obj)”或在“H:\Github\WikiReader\Build\CEFWebReader\libcef_dll_wrapper.pdb”中寻找)；正在链接对象，如同没有调试信息一样
     1>libcef_dll_wrapper.lib(cef_closure_task.obj) : warning LNK4099: 未找到 PDB“libcef_dll_wrapper.pdb”(使用“libcef_dll_wrapper.lib(cef_closure_task.obj)”或在“H:\Github\WikiReader\Build\CEFWebReader\libcef_dll_wrapper.pdb”中寻找)；正在链接对象，如同没有调试信息一样
     1>libcef_dll_wrapper.lib(libcef_dll_wrapper.obj) : warning LNK4099: 未找到 PDB“libcef_dll_wrapper.pdb”(使用“libcef_dll_wrapper.lib(libcef_dll_wrapper.obj)”或在“H:\Github\WikiReader\Build\CEFWebReader\libcef_dll_wrapper.pdb”中寻找)；正在链接对象，如同没有调试信息一样
         CEFWebReader.vcxproj -> H:\Github\WikiReader\Build\CEFWebReader\CEFWebReader.exe
     1>已完成生成项目“H:\Github\WikiReader\CEFWebReader.vcxproj”(Build 个目标)的操作。

已成功生成。

已用时间 00:00:13.59
